20251017-190822 From C:\ProgramData\anaconda3\envs\fingernet！p3.10-cpu\lib\site-packages\keras\src\utils\version_utils.py:76: The name tf.executing_eagerly_outside_functions is deprecated. Please use tf.compat.v1.executing_eagerly_outside_functions instead.

20251017-190823 From C:\ProgramData\anaconda3\envs\fingernet！p3.10-cpu\lib\site-packages\keras\src\layers\normalization\batch_normalization.py:964: The name tf.nn.fused_batch_norm is deprecated. Please use tf.compat.v1.nn.fused_batch_norm instead.

20251017-190823 From C:\ProgramData\anaconda3\envs\fingernet！p3.10-cpu\lib\site-packages\keras\src\layers\normalization\batch_normalization.py:883: _colocate_with (from tensorflow.python.framework.ops) is deprecated and will be removed in a future version.
Instructions for updating:
Colocations handled automatically by placer.
20251017-190825 From C:\ProgramData\anaconda3\envs\fingernet！p3.10-cpu\lib\site-packages\keras\src\saving\legacy\save.py:538: The name tf.train.NewCheckpointReader is deprecated. Please use tf.compat.v1.train.NewCheckpointReader instead.

20251017-190825 Creating converter from 3 to 5
20251017-190828 STREAM b'IHDR' 16 13
20251017-190828 STREAM b'IDAT' 41 2185
20251017-190828 STREAM b'IHDR' 16 13
20251017-190828 STREAM b'IDAT' 41 2185
20251017-190828 STREAM b'IHDR' 16 13
20251017-190828 STREAM b'IDAT' 41 2185
20251017-190828 STREAM b'IHDR' 16 13
20251017-190828 STREAM b'IDAT' 41 2185
20251017-190828 From C:\ProgramData\anaconda3\envs\fingernet！p3.10-cpu\lib\site-packages\keras\src\engine\training_v1.py:635: The name tf.data.Iterator is deprecated. Please use tf.compat.v1.data.Iterator instead.

20251017-190828 From C:\ProgramData\anaconda3\envs\fingernet！p3.10-cpu\lib\site-packages\keras\src\engine\training_utils_v1.py:50: The name tf.ragged.RaggedTensorValue is deprecated. Please use tf.compat.v1.ragged.RaggedTensorValue instead.

20251017-190848 epoch=0, step=0
20251017-190848 loss:22.2469
 ori_out_1_loss:11.2172
 ori_out_2_loss:8.8033
 seg_out_loss:0.1968
 mnt_o_out_loss:8.5798
 mnt_w_out_loss:4.8165
 mnt_h_out_loss:5.1127
 mnt_s_out_loss:0.0427
 ori_out_1_ori_acc_delta_10:0.7100
 ori_out_2_ori_acc_delta_10:0.8261
 seg_out_seg_acc_pos:0.9339
 seg_out_seg_acc_neg:0.9377
 seg_out_seg_acc_all:0.9368
 mnt_o_out_mnt_acc_delta_10:0.8913
 mnt_w_out_mnt_mean_delta:1.4130
 mnt_h_out_mnt_mean_delta:1.7174
 mnt_s_out_seg_acc_pos:0.7609
 mnt_s_out_seg_acc_neg:0.9781
 mnt_s_out_seg_acc_all:0.9769

20251017-190848 STREAM b'IHDR' 16 13
20251017-190848 STREAM b'IDAT' 41 2185
20251017-190848 STREAM b'IHDR' 16 13
20251017-190848 STREAM b'IDAT' 41 2185
20251017-190848 STREAM b'IHDR' 16 13
20251017-190848 STREAM b'IDAT' 41 2185
20251017-190848 STREAM b'IHDR' 16 13
20251017-190848 STREAM b'IDAT' 41 2185
20251017-190853 epoch=1, step=0
20251017-190853 loss:18.9812
 ori_out_1_loss:11.0127
 ori_out_2_loss:8.4982
 seg_out_loss:0.1870
 mnt_o_out_loss:8.5575
 mnt_w_out_loss:5.0438
 mnt_h_out_loss:5.0635
 mnt_s_out_loss:0.0268
 ori_out_1_ori_acc_delta_10:0.7459
 ori_out_2_ori_acc_delta_10:0.9565
 seg_out_seg_acc_pos:0.9498
 seg_out_seg_acc_neg:0.9304
 seg_out_seg_acc_all:0.9351
 mnt_o_out_mnt_acc_delta_10:0.8696
 mnt_w_out_mnt_mean_delta:1.5652
 mnt_h_out_mnt_mean_delta:1.5217
 mnt_s_out_seg_acc_pos:0.9130
 mnt_s_out_seg_acc_neg:0.9703
 mnt_s_out_seg_acc_all:0.9700

20251017-190853 STREAM b'IHDR' 16 13
20251017-190853 STREAM b'IDAT' 41 2185
20251017-190853 STREAM b'IHDR' 16 13
20251017-190853 STREAM b'IDAT' 41 2185
20251017-190853 STREAM b'IHDR' 16 13
20251017-190853 STREAM b'IDAT' 41 2185
20251017-190853 STREAM b'IHDR' 16 13
20251017-190853 STREAM b'IDAT' 41 2185
20251017-190859 epoch=2, step=0
20251017-190859 loss:19.2348
 ori_out_1_loss:11.3827
 ori_out_2_loss:8.5218
 seg_out_loss:0.1967
 mnt_o_out_loss:8.1837
 mnt_w_out_loss:4.9579
 mnt_h_out_loss:5.0162
 mnt_s_out_loss:0.0286
 ori_out_1_ori_acc_delta_10:0.7148
 ori_out_2_ori_acc_delta_10:0.9348
 seg_out_seg_acc_pos:0.9410
 seg_out_seg_acc_neg:0.9312
 seg_out_seg_acc_all:0.9336
 mnt_o_out_mnt_acc_delta_10:0.8913
 mnt_w_out_mnt_mean_delta:1.6304
 mnt_h_out_mnt_mean_delta:1.5870
 mnt_s_out_seg_acc_pos:0.8913
 mnt_s_out_seg_acc_neg:0.9698
 mnt_s_out_seg_acc_all:0.9694

20251017-190859 STREAM b'IHDR' 16 13
20251017-190859 STREAM b'IDAT' 41 2185
20251017-190859 STREAM b'IHDR' 16 13
20251017-190859 STREAM b'IDAT' 41 2185
20251017-190859 STREAM b'IHDR' 16 13
20251017-190859 STREAM b'IDAT' 41 2185
20251017-190859 STREAM b'IHDR' 16 13
20251017-190859 STREAM b'IDAT' 41 2185
20251017-190904 epoch=3, step=0
20251017-190904 loss:21.1798
 ori_out_1_loss:11.2283
 ori_out_2_loss:8.6780
 seg_out_loss:0.2037
 mnt_o_out_loss:8.2851
 mnt_w_out_loss:4.8496
 mnt_h_out_loss:4.6161
 mnt_s_out_loss:0.0390
 ori_out_1_ori_acc_delta_10:0.7160
 ori_out_2_ori_acc_delta_10:0.8478
 seg_out_seg_acc_pos:0.9285
 seg_out_seg_acc_neg:0.9317
 seg_out_seg_acc_all:0.9309
 mnt_o_out_mnt_acc_delta_10:0.8913
 mnt_w_out_mnt_mean_delta:1.5217
 mnt_h_out_mnt_mean_delta:1.2609
 mnt_s_out_seg_acc_pos:0.8696
 mnt_s_out_seg_acc_neg:0.9714
 mnt_s_out_seg_acc_all:0.9708

20251017-190904 STREAM b'IHDR' 16 13
20251017-190904 STREAM b'IDAT' 41 2185
20251017-190904 STREAM b'IHDR' 16 13
20251017-190904 STREAM b'IDAT' 41 2185
20251017-190904 STREAM b'IHDR' 16 13
20251017-190904 STREAM b'IDAT' 41 2185
20251017-190904 STREAM b'IHDR' 16 13
20251017-190904 STREAM b'IDAT' 41 2185
20251017-190910 epoch=4, step=0
20251017-190910 loss:18.2151
 ori_out_1_loss:11.3322
 ori_out_2_loss:8.6441
 seg_out_loss:0.1843
 mnt_o_out_loss:8.4281
 mnt_w_out_loss:4.8072
 mnt_h_out_loss:4.6701
 mnt_s_out_loss:0.0247
 ori_out_1_ori_acc_delta_10:0.7164
 ori_out_2_ori_acc_delta_10:0.9348
 seg_out_seg_acc_pos:0.9546
 seg_out_seg_acc_neg:0.9243
 seg_out_seg_acc_all:0.9316
 mnt_o_out_mnt_acc_delta_10:0.9130
 mnt_w_out_mnt_mean_delta:1.3913
 mnt_h_out_mnt_mean_delta:1.3043
 mnt_s_out_seg_acc_pos:0.9348
 mnt_s_out_seg_acc_neg:0.9685
 mnt_s_out_seg_acc_all:0.9683

20251017-190910 STREAM b'IHDR' 16 13
20251017-190910 STREAM b'IDAT' 41 2185
20251017-190910 STREAM b'IHDR' 16 13
20251017-190910 STREAM b'IDAT' 41 2185
20251017-190910 STREAM b'IHDR' 16 13
20251017-190910 STREAM b'IDAT' 41 2185
20251017-190910 STREAM b'IHDR' 16 13
20251017-190910 STREAM b'IDAT' 41 2185
20251017-190916 epoch=5, step=0
20251017-190916 loss:21.9164
 ori_out_1_loss:10.9033
 ori_out_2_loss:8.2363
 seg_out_loss:0.1744
 mnt_o_out_loss:8.3712
 mnt_w_out_loss:4.9208
 mnt_h_out_loss:5.0228
 mnt_s_out_loss:0.0431
 ori_out_1_ori_acc_delta_10:0.7500
 ori_out_2_ori_acc_delta_10:0.8409
 seg_out_seg_acc_pos:0.9575
 seg_out_seg_acc_neg:0.9369
 seg_out_seg_acc_all:0.9417
 mnt_o_out_mnt_acc_delta_10:0.8667
 mnt_w_out_mnt_mean_delta:1.5333
 mnt_h_out_mnt_mean_delta:1.5111
 mnt_s_out_seg_acc_pos:0.8444
 mnt_s_out_seg_acc_neg:0.9640
 mnt_s_out_seg_acc_all:0.9634

20251017-190916 STREAM b'IHDR' 16 13
20251017-190916 STREAM b'IDAT' 41 2185
20251017-190916 STREAM b'IHDR' 16 13
20251017-190916 STREAM b'IDAT' 41 2185
20251017-190916 STREAM b'IHDR' 16 13
20251017-190916 STREAM b'IDAT' 41 2185
20251017-190916 STREAM b'IHDR' 16 13
20251017-190916 STREAM b'IDAT' 41 2185
20251017-190921 epoch=6, step=0
20251017-190921 loss:18.9000
 ori_out_1_loss:11.1338
 ori_out_2_loss:8.5401
 seg_out_loss:0.1879
 mnt_o_out_loss:8.3427
 mnt_w_out_loss:4.8457
 mnt_h_out_loss:5.1249
 mnt_s_out_loss:0.0271
 ori_out_1_ori_acc_delta_10:0.7287
 ori_out_2_ori_acc_delta_10:0.8913
 seg_out_seg_acc_pos:0.9440
 seg_out_seg_acc_neg:0.9386
 seg_out_seg_acc_all:0.9399
 mnt_o_out_mnt_acc_delta_10:0.8913
 mnt_w_out_mnt_mean_delta:1.3261
 mnt_h_out_mnt_mean_delta:1.6957
 mnt_s_out_seg_acc_pos:0.9130
 mnt_s_out_seg_acc_neg:0.9685
 mnt_s_out_seg_acc_all:0.9681

20251017-190921 STREAM b'IHDR' 16 13
20251017-190921 STREAM b'IDAT' 41 2185
20251017-190921 STREAM b'IHDR' 16 13
20251017-190921 STREAM b'IDAT' 41 2185
20251017-190921 STREAM b'IHDR' 16 13
20251017-190921 STREAM b'IDAT' 41 2185
20251017-190921 STREAM b'IHDR' 16 13
20251017-190921 STREAM b'IDAT' 41 2185
20251017-190927 epoch=7, step=0
20251017-190927 loss:20.7129
 ori_out_1_loss:11.4340
 ori_out_2_loss:8.3622
 seg_out_loss:0.1830
 mnt_o_out_loss:8.7555
 mnt_w_out_loss:4.8552
 mnt_h_out_loss:4.9296
 mnt_s_out_loss:0.0358
 ori_out_1_ori_acc_delta_10:0.6933
 ori_out_2_ori_acc_delta_10:0.7857
 seg_out_seg_acc_pos:0.9523
 seg_out_seg_acc_neg:0.9374
 seg_out_seg_acc_all:0.9408
 mnt_o_out_mnt_acc_delta_10:0.8444
 mnt_w_out_mnt_mean_delta:1.4222
 mnt_h_out_mnt_mean_delta:1.6667
 mnt_s_out_seg_acc_pos:0.7556
 mnt_s_out_seg_acc_neg:0.9677
 mnt_s_out_seg_acc_all:0.9666

20251017-190927 STREAM b'IHDR' 16 13
20251017-190927 STREAM b'IDAT' 41 2185
20251017-190927 STREAM b'IHDR' 16 13
20251017-190927 STREAM b'IDAT' 41 2185
20251017-190927 STREAM b'IHDR' 16 13
20251017-190927 STREAM b'IDAT' 41 2185
20251017-190927 STREAM b'IHDR' 16 13
20251017-190927 STREAM b'IDAT' 41 2185
20251017-190932 epoch=8, step=0
20251017-190932 loss:19.0603
 ori_out_1_loss:11.2287
 ori_out_2_loss:8.9295
 seg_out_loss:0.1559
 mnt_o_out_loss:8.7482
 mnt_w_out_loss:4.6809
 mnt_h_out_loss:4.7774
 mnt_s_out_loss:0.0295
 ori_out_1_ori_acc_delta_10:0.7324
 ori_out_2_ori_acc_delta_10:0.8667
 seg_out_seg_acc_pos:0.9898
 seg_out_seg_acc_neg:0.9279
 seg_out_seg_acc_all:0.9420
 mnt_o_out_mnt_acc_delta_10:0.8222
 mnt_w_out_mnt_mean_delta:1.3556
 mnt_h_out_mnt_mean_delta:1.4889
 mnt_s_out_seg_acc_pos:0.9111
 mnt_s_out_seg_acc_neg:0.9638
 mnt_s_out_seg_acc_all:0.9635

20251017-190932 STREAM b'IHDR' 16 13
20251017-190932 STREAM b'IDAT' 41 2185
20251017-190932 STREAM b'IHDR' 16 13
20251017-190932 STREAM b'IDAT' 41 2185
20251017-190932 STREAM b'IHDR' 16 13
20251017-190932 STREAM b'IDAT' 41 2185
20251017-190932 STREAM b'IHDR' 16 13
20251017-190932 STREAM b'IDAT' 41 2185
20251017-190938 epoch=9, step=0
20251017-190938 loss:21.4691
 ori_out_1_loss:11.4293
 ori_out_2_loss:8.6672
 seg_out_loss:0.2065
 mnt_o_out_loss:8.1920
 mnt_w_out_loss:4.8449
 mnt_h_out_loss:4.9951
 mnt_s_out_loss:0.0395
 ori_out_1_ori_acc_delta_10:0.7002
 ori_out_2_ori_acc_delta_10:0.9348
 seg_out_seg_acc_pos:0.9230
 seg_out_seg_acc_neg:0.9361
 seg_out_seg_acc_all:0.9329
 mnt_o_out_mnt_acc_delta_10:0.9348
 mnt_w_out_mnt_mean_delta:1.4565
 mnt_h_out_mnt_mean_delta:1.5870
 mnt_s_out_seg_acc_pos:0.8478
 mnt_s_out_seg_acc_neg:0.9698
 mnt_s_out_seg_acc_all:0.9691

20251017-190938 STREAM b'IHDR' 16 13
20251017-190938 STREAM b'IDAT' 41 2185
20251017-190938 STREAM b'IHDR' 16 13
20251017-190938 STREAM b'IDAT' 41 2185
20251017-190938 STREAM b'IHDR' 16 13
20251017-190938 STREAM b'IDAT' 41 2185
20251017-190938 STREAM b'IHDR' 16 13
20251017-190938 STREAM b'IDAT' 41 2185
20251017-190943 epoch=10, step=0
20251017-190943 loss:22.6455
 ori_out_1_loss:11.4866
 ori_out_2_loss:8.8600
 seg_out_loss:0.2251
 mnt_o_out_loss:8.7438
 mnt_w_out_loss:4.7359
 mnt_h_out_loss:4.6854
 mnt_s_out_loss:0.0440
 ori_out_1_ori_acc_delta_10:0.7093
 ori_out_2_ori_acc_delta_10:0.8913
 seg_out_seg_acc_pos:0.9092
 seg_out_seg_acc_neg:0.9373
 seg_out_seg_acc_all:0.9304
 mnt_o_out_mnt_acc_delta_10:0.8913
 mnt_w_out_mnt_mean_delta:1.3913
 mnt_h_out_mnt_mean_delta:1.2391
 mnt_s_out_seg_acc_pos:0.8696
 mnt_s_out_seg_acc_neg:0.9680
 mnt_s_out_seg_acc_all:0.9674

20251017-190943 STREAM b'IHDR' 16 13
20251017-190943 STREAM b'IDAT' 41 2185
20251017-190943 STREAM b'IHDR' 16 13
20251017-190943 STREAM b'IDAT' 41 2185
20251017-190943 STREAM b'IHDR' 16 13
20251017-190943 STREAM b'IDAT' 41 2185
20251017-190943 STREAM b'IHDR' 16 13
20251017-190943 STREAM b'IDAT' 41 2185
20251017-190949 epoch=11, step=0
20251017-190949 loss:15.7780
 ori_out_1_loss:10.9489
 ori_out_2_loss:8.1562
 seg_out_loss:0.1774
 mnt_o_out_loss:7.6540
 mnt_w_out_loss:4.8047
 mnt_h_out_loss:4.8735
 mnt_s_out_loss:0.0148
 ori_out_1_ori_acc_delta_10:0.7572
 ori_out_2_ori_acc_delta_10:0.9565
 seg_out_seg_acc_pos:0.9600
 seg_out_seg_acc_neg:0.9317
 seg_out_seg_acc_all:0.9385
 mnt_o_out_mnt_acc_delta_10:0.9130
 mnt_w_out_mnt_mean_delta:1.5217
 mnt_h_out_mnt_mean_delta:1.4783
 mnt_s_out_seg_acc_pos:1.0000
 mnt_s_out_seg_acc_neg:0.9686
 mnt_s_out_seg_acc_all:0.9688

20251017-190949 STREAM b'IHDR' 16 13
20251017-190949 STREAM b'IDAT' 41 2185
20251017-190949 STREAM b'IHDR' 16 13
20251017-190949 STREAM b'IDAT' 41 2185
20251017-190949 STREAM b'IHDR' 16 13
20251017-190949 STREAM b'IDAT' 41 2185
20251017-190949 STREAM b'IHDR' 16 13
20251017-190949 STREAM b'IDAT' 41 2185
20251017-190955 epoch=12, step=0
20251017-190955 loss:20.5112
 ori_out_1_loss:11.2153
 ori_out_2_loss:8.7337
 seg_out_loss:0.1815
 mnt_o_out_loss:8.4874
 mnt_w_out_loss:5.0447
 mnt_h_out_loss:4.6560
 mnt_s_out_loss:0.0357
 ori_out_1_ori_acc_delta_10:0.7277
 ori_out_2_ori_acc_delta_10:0.8696
 seg_out_seg_acc_pos:0.9690
 seg_out_seg_acc_neg:0.9306
 seg_out_seg_acc_all:0.9393
 mnt_o_out_mnt_acc_delta_10:0.9130
 mnt_w_out_mnt_mean_delta:1.5870
 mnt_h_out_mnt_mean_delta:1.4130
 mnt_s_out_seg_acc_pos:0.9130
 mnt_s_out_seg_acc_neg:0.9640
 mnt_s_out_seg_acc_all:0.9637

20251017-190955 STREAM b'IHDR' 16 13
20251017-190955 STREAM b'IDAT' 41 2185
20251017-190955 STREAM b'IHDR' 16 13
20251017-190955 STREAM b'IDAT' 41 2185
20251017-190955 STREAM b'IHDR' 16 13
20251017-190955 STREAM b'IDAT' 41 2185
20251017-190955 STREAM b'IHDR' 16 13
20251017-190955 STREAM b'IDAT' 41 2185
20251017-191001 epoch=13, step=0
20251017-191001 loss:18.4818
 ori_out_1_loss:11.3475
 ori_out_2_loss:7.8686
 seg_out_loss:0.1875
 mnt_o_out_loss:7.8866
 mnt_w_out_loss:4.7248
 mnt_h_out_loss:5.0375
 mnt_s_out_loss:0.0269
 ori_out_1_ori_acc_delta_10:0.7164
 ori_out_2_ori_acc_delta_10:0.8444
 seg_out_seg_acc_pos:0.9507
 seg_out_seg_acc_neg:0.9355
 seg_out_seg_acc_all:0.9392
 mnt_o_out_mnt_acc_delta_10:0.9130
 mnt_w_out_mnt_mean_delta:1.3478
 mnt_h_out_mnt_mean_delta:1.5435
 mnt_s_out_seg_acc_pos:0.9348
 mnt_s_out_seg_acc_neg:0.9686
 mnt_s_out_seg_acc_all:0.9684

20251017-191001 STREAM b'IHDR' 16 13
20251017-191001 STREAM b'IDAT' 41 2185
20251017-191001 STREAM b'IHDR' 16 13
20251017-191001 STREAM b'IDAT' 41 2185
20251017-191001 STREAM b'IHDR' 16 13
20251017-191001 STREAM b'IDAT' 41 2185
20251017-191001 STREAM b'IHDR' 16 13
20251017-191001 STREAM b'IDAT' 41 2185
20251017-191006 epoch=14, step=0
20251017-191006 loss:18.7083
 ori_out_1_loss:11.1368
 ori_out_2_loss:7.9908
 seg_out_loss:0.1869
 mnt_o_out_loss:8.1316
 mnt_w_out_loss:4.8221
 mnt_h_out_loss:4.7565
 mnt_s_out_loss:0.0280
 ori_out_1_ori_acc_delta_10:0.7229
 ori_out_2_ori_acc_delta_10:0.9130
 seg_out_seg_acc_pos:0.9555
 seg_out_seg_acc_neg:0.9321
 seg_out_seg_acc_all:0.9379
 mnt_o_out_mnt_acc_delta_10:0.8696
 mnt_w_out_mnt_mean_delta:1.5652
 mnt_h_out_mnt_mean_delta:1.2826
 mnt_s_out_seg_acc_pos:0.8696
 mnt_s_out_seg_acc_neg:0.9714
 mnt_s_out_seg_acc_all:0.9708

20251017-191007 STREAM b'IHDR' 16 13
20251017-191007 STREAM b'IDAT' 41 2185
20251017-191007 STREAM b'IHDR' 16 13
20251017-191007 STREAM b'IDAT' 41 2185
20251017-191007 STREAM b'IHDR' 16 13
20251017-191007 STREAM b'IDAT' 41 2185
20251017-191007 STREAM b'IHDR' 16 13
20251017-191007 STREAM b'IDAT' 41 2185
20251017-191012 epoch=15, step=0
20251017-191012 loss:18.9984
 ori_out_1_loss:11.1766
 ori_out_2_loss:7.9844
 seg_out_loss:0.1969
 mnt_o_out_loss:7.8516
 mnt_w_out_loss:4.8686
 mnt_h_out_loss:4.9976
 mnt_s_out_loss:0.0289
 ori_out_1_ori_acc_delta_10:0.7244
 ori_out_2_ori_acc_delta_10:0.8889
 seg_out_seg_acc_pos:0.9368
 seg_out_seg_acc_neg:0.9282
 seg_out_seg_acc_all:0.9303
 mnt_o_out_mnt_acc_delta_10:0.9130
 mnt_w_out_mnt_mean_delta:1.2609
 mnt_h_out_mnt_mean_delta:1.5217
 mnt_s_out_seg_acc_pos:0.9565
 mnt_s_out_seg_acc_neg:0.9650
 mnt_s_out_seg_acc_all:0.9650

20251017-191012 STREAM b'IHDR' 16 13
20251017-191012 STREAM b'IDAT' 41 2185
20251017-191012 STREAM b'IHDR' 16 13
20251017-191012 STREAM b'IDAT' 41 2185
20251017-191012 STREAM b'IHDR' 16 13
20251017-191012 STREAM b'IDAT' 41 2185
20251017-191012 STREAM b'IHDR' 16 13
20251017-191012 STREAM b'IDAT' 41 2185
20251017-191018 epoch=16, step=0
20251017-191018 loss:15.0162
 ori_out_1_loss:10.9533
 ori_out_2_loss:8.0651
 seg_out_loss:0.1723
 mnt_o_out_loss:7.4403
 mnt_w_out_loss:4.7624
 mnt_h_out_loss:4.7953
 mnt_s_out_loss:0.0121
 ori_out_1_ori_acc_delta_10:0.7531
 ori_out_2_ori_acc_delta_10:0.9565
 seg_out_seg_acc_pos:0.9723
 seg_out_seg_acc_neg:0.9317
 seg_out_seg_acc_all:0.9414
 mnt_o_out_mnt_acc_delta_10:0.9565
 mnt_w_out_mnt_mean_delta:1.4348
 mnt_h_out_mnt_mean_delta:1.4348
 mnt_s_out_seg_acc_pos:1.0000
 mnt_s_out_seg_acc_neg:0.9725
 mnt_s_out_seg_acc_all:0.9727

20251017-191018 STREAM b'IHDR' 16 13
20251017-191018 STREAM b'IDAT' 41 2185
20251017-191018 STREAM b'IHDR' 16 13
20251017-191018 STREAM b'IDAT' 41 2185
20251017-191018 STREAM b'IHDR' 16 13
20251017-191018 STREAM b'IDAT' 41 2185
20251017-191018 STREAM b'IHDR' 16 13
20251017-191018 STREAM b'IDAT' 41 2185
20251017-191024 epoch=17, step=0
20251017-191024 loss:17.8788
 ori_out_1_loss:11.2152
 ori_out_2_loss:8.4930
 seg_out_loss:0.1776
 mnt_o_out_loss:7.9962
 mnt_w_out_loss:4.8821
 mnt_h_out_loss:4.4925
 mnt_s_out_loss:0.0249
 ori_out_1_ori_acc_delta_10:0.7296
 ori_out_2_ori_acc_delta_10:0.8913
 seg_out_seg_acc_pos:0.9644
 seg_out_seg_acc_neg:0.9295
 seg_out_seg_acc_all:0.9381
 mnt_o_out_mnt_acc_delta_10:0.8696
 mnt_w_out_mnt_mean_delta:1.5217
 mnt_h_out_mnt_mean_delta:1.2826
 mnt_s_out_seg_acc_pos:0.8696
 mnt_s_out_seg_acc_neg:0.9712
 mnt_s_out_seg_acc_all:0.9706

20251017-191024 STREAM b'IHDR' 16 13
20251017-191024 STREAM b'IDAT' 41 2185
20251017-191024 STREAM b'IHDR' 16 13
20251017-191024 STREAM b'IDAT' 41 2185
20251017-191024 STREAM b'IHDR' 16 13
20251017-191024 STREAM b'IDAT' 41 2185
20251017-191024 STREAM b'IHDR' 16 13
20251017-191024 STREAM b'IDAT' 41 2185
20251017-191031 epoch=18, step=0
20251017-191031 loss:14.6668
 ori_out_1_loss:10.9499
 ori_out_2_loss:8.0205
 seg_out_loss:0.1704
 mnt_o_out_loss:7.3405
 mnt_w_out_loss:4.7363
 mnt_h_out_loss:4.7490
 mnt_s_out_loss:0.0109
 ori_out_1_ori_acc_delta_10:0.7531
 ori_out_2_ori_acc_delta_10:0.9565
 seg_out_seg_acc_pos:0.9723
 seg_out_seg_acc_neg:0.9317
 seg_out_seg_acc_all:0.9414
 mnt_o_out_mnt_acc_delta_10:0.9565
 mnt_w_out_mnt_mean_delta:1.3913
 mnt_h_out_mnt_mean_delta:1.3913
 mnt_s_out_seg_acc_pos:1.0000
 mnt_s_out_seg_acc_neg:0.9747
 mnt_s_out_seg_acc_all:0.9749

20251017-191031 STREAM b'IHDR' 16 13
20251017-191031 STREAM b'IDAT' 41 2185
20251017-191031 STREAM b'IHDR' 16 13
20251017-191031 STREAM b'IDAT' 41 2185
20251017-191031 STREAM b'IHDR' 16 13
20251017-191031 STREAM b'IDAT' 41 2185
20251017-191031 STREAM b'IHDR' 16 13
20251017-191031 STREAM b'IDAT' 41 2185
20251017-191038 epoch=19, step=0
20251017-191038 loss:18.1201
 ori_out_1_loss:11.0895
 ori_out_2_loss:7.7827
 seg_out_loss:0.1746
 mnt_o_out_loss:7.9362
 mnt_w_out_loss:4.6983
 mnt_h_out_loss:4.7936
 mnt_s_out_loss:0.0265
 ori_out_1_ori_acc_delta_10:0.7304
 ori_out_2_ori_acc_delta_10:0.9302
 seg_out_seg_acc_pos:0.9671
 seg_out_seg_acc_neg:0.9342
 seg_out_seg_acc_all:0.9421
 mnt_o_out_mnt_acc_delta_10:0.8696
 mnt_w_out_mnt_mean_delta:1.3913
 mnt_h_out_mnt_mean_delta:1.5000
 mnt_s_out_seg_acc_pos:0.9130
 mnt_s_out_seg_acc_neg:0.9740
 mnt_s_out_seg_acc_all:0.9736

20251017-191038 STREAM b'IHDR' 16 13
20251017-191038 STREAM b'IDAT' 41 2185
20251017-191038 STREAM b'IHDR' 16 13
20251017-191038 STREAM b'IDAT' 41 2185
20251017-191038 STREAM b'IHDR' 16 13
20251017-191038 STREAM b'IDAT' 41 2185
20251017-191038 STREAM b'IHDR' 16 13
20251017-191038 STREAM b'IDAT' 41 2185
20251017-191044 epoch=20, step=0
20251017-191044 loss:15.2707
 ori_out_1_loss:10.8982
 ori_out_2_loss:7.5939
 seg_out_loss:0.1584
 mnt_o_out_loss:7.1382
 mnt_w_out_loss:4.9334
 mnt_h_out_loss:4.6730
 mnt_s_out_loss:0.0149
 ori_out_1_ori_acc_delta_10:0.7491
 ori_out_2_ori_acc_delta_10:0.9524
 seg_out_seg_acc_pos:0.9846
 seg_out_seg_acc_neg:0.9356
 seg_out_seg_acc_all:0.9473
 mnt_o_out_mnt_acc_delta_10:0.9565
 mnt_w_out_mnt_mean_delta:1.6522
 mnt_h_out_mnt_mean_delta:1.3043
 mnt_s_out_seg_acc_pos:0.9565
 mnt_s_out_seg_acc_neg:0.9736
 mnt_s_out_seg_acc_all:0.9735

20251017-191044 STREAM b'IHDR' 16 13
20251017-191044 STREAM b'IDAT' 41 2185
20251017-191044 STREAM b'IHDR' 16 13
20251017-191044 STREAM b'IDAT' 41 2185
20251017-191044 STREAM b'IHDR' 16 13
20251017-191044 STREAM b'IDAT' 41 2185
20251017-191044 STREAM b'IHDR' 16 13
20251017-191044 STREAM b'IDAT' 41 2185
20251017-191050 epoch=21, step=0
20251017-191050 loss:18.6080
 ori_out_1_loss:11.6064
 ori_out_2_loss:7.5535
 seg_out_loss:0.1938
 mnt_o_out_loss:8.0593
 mnt_w_out_loss:4.7057
 mnt_h_out_loss:5.1923
 mnt_s_out_loss:0.0265
 ori_out_1_ori_acc_delta_10:0.6803
 ori_out_2_ori_acc_delta_10:0.9091
 seg_out_seg_acc_pos:0.9545
 seg_out_seg_acc_neg:0.9286
 seg_out_seg_acc_all:0.9347
 mnt_o_out_mnt_acc_delta_10:0.8409
 mnt_w_out_mnt_mean_delta:1.3182
 mnt_h_out_mnt_mean_delta:1.6364
 mnt_s_out_seg_acc_pos:0.8864
 mnt_s_out_seg_acc_neg:0.9759
 mnt_s_out_seg_acc_all:0.9755

20251017-191050 STREAM b'IHDR' 16 13
20251017-191050 STREAM b'IDAT' 41 2185
20251017-191050 STREAM b'IHDR' 16 13
20251017-191050 STREAM b'IDAT' 41 2185
20251017-191050 STREAM b'IHDR' 16 13
20251017-191050 STREAM b'IDAT' 41 2185
20251017-191050 STREAM b'IHDR' 16 13
20251017-191050 STREAM b'IDAT' 41 2185
20251017-191056 epoch=22, step=0
20251017-191056 loss:19.7291
 ori_out_1_loss:10.8666
 ori_out_2_loss:8.4064
 seg_out_loss:0.1778
 mnt_o_out_loss:8.0153
 mnt_w_out_loss:4.6915
 mnt_h_out_loss:4.8076
 mnt_s_out_loss:0.0340
 ori_out_1_ori_acc_delta_10:0.7308
 ori_out_2_ori_acc_delta_10:0.8043
 seg_out_seg_acc_pos:0.9755
 seg_out_seg_acc_neg:0.9186
 seg_out_seg_acc_all:0.9316
 mnt_o_out_mnt_acc_delta_10:0.9130
 mnt_w_out_mnt_mean_delta:1.3478
 mnt_h_out_mnt_mean_delta:1.4348
 mnt_s_out_seg_acc_pos:0.8478
 mnt_s_out_seg_acc_neg:0.9742
 mnt_s_out_seg_acc_all:0.9735

20251017-191056 STREAM b'IHDR' 16 13
20251017-191056 STREAM b'IDAT' 41 2185
20251017-191056 STREAM b'IHDR' 16 13
20251017-191056 STREAM b'IDAT' 41 2185
20251017-191056 STREAM b'IHDR' 16 13
20251017-191056 STREAM b'IDAT' 41 2185
20251017-191056 STREAM b'IHDR' 16 13
20251017-191056 STREAM b'IDAT' 41 2185
20251017-191101 epoch=23, step=0
20251017-191101 loss:17.1285
 ori_out_1_loss:11.0254
 ori_out_2_loss:8.1461
 seg_out_loss:0.1923
 mnt_o_out_loss:7.5540
 mnt_w_out_loss:4.8293
 mnt_h_out_loss:4.7478
 mnt_s_out_loss:0.0212
 ori_out_1_ori_acc_delta_10:0.7384
 ori_out_2_ori_acc_delta_10:0.9348
 seg_out_seg_acc_pos:0.9527
 seg_out_seg_acc_neg:0.9267
 seg_out_seg_acc_all:0.9330
 mnt_o_out_mnt_acc_delta_10:0.9348
 mnt_w_out_mnt_mean_delta:1.4565
 mnt_h_out_mnt_mean_delta:1.5000
 mnt_s_out_seg_acc_pos:0.9130
 mnt_s_out_seg_acc_neg:0.9762
 mnt_s_out_seg_acc_all:0.9758

20251017-191101 STREAM b'IHDR' 16 13
20251017-191101 STREAM b'IDAT' 41 2185
20251017-191101 STREAM b'IHDR' 16 13
20251017-191101 STREAM b'IDAT' 41 2185
20251017-191101 STREAM b'IHDR' 16 13
20251017-191101 STREAM b'IDAT' 41 2185
20251017-191101 STREAM b'IHDR' 16 13
20251017-191101 STREAM b'IDAT' 41 2185
20251017-191107 epoch=24, step=0
20251017-191107 loss:17.8701
 ori_out_1_loss:10.9020
 ori_out_2_loss:8.7081
 seg_out_loss:0.1752
 mnt_o_out_loss:8.5209
 mnt_w_out_loss:4.6914
 mnt_h_out_loss:4.7802
 mnt_s_out_loss:0.0234
 ori_out_1_ori_acc_delta_10:0.7518
 ori_out_2_ori_acc_delta_10:0.8605
 seg_out_seg_acc_pos:0.9862
 seg_out_seg_acc_neg:0.9106
 seg_out_seg_acc_all:0.9274
 mnt_o_out_mnt_acc_delta_10:0.9070
 mnt_w_out_mnt_mean_delta:1.2326
 mnt_h_out_mnt_mean_delta:1.5349
 mnt_s_out_seg_acc_pos:0.9302
 mnt_s_out_seg_acc_neg:0.9755
 mnt_s_out_seg_acc_all:0.9752

20251017-191107 STREAM b'IHDR' 16 13
20251017-191107 STREAM b'IDAT' 41 2185
20251017-191107 STREAM b'IHDR' 16 13
20251017-191107 STREAM b'IDAT' 41 2185
20251017-191107 STREAM b'IHDR' 16 13
20251017-191107 STREAM b'IDAT' 41 2185
20251017-191107 STREAM b'IHDR' 16 13
20251017-191107 STREAM b'IDAT' 41 2185
20251017-191113 epoch=25, step=0
20251017-191113 loss:16.1543
 ori_out_1_loss:11.2196
 ori_out_2_loss:8.1953
 seg_out_loss:0.1939
 mnt_o_out_loss:7.4599
 mnt_w_out_loss:4.9181
 mnt_h_out_loss:4.5776
 mnt_s_out_loss:0.0166
 ori_out_1_ori_acc_delta_10:0.7232
 ori_out_2_ori_acc_delta_10:0.8913
 seg_out_seg_acc_pos:0.9439
 seg_out_seg_acc_neg:0.9263
 seg_out_seg_acc_all:0.9305
 mnt_o_out_mnt_acc_delta_10:0.9130
 mnt_w_out_mnt_mean_delta:1.6739
 mnt_h_out_mnt_mean_delta:1.3043
 mnt_s_out_seg_acc_pos:0.9348
 mnt_s_out_seg_acc_neg:0.9736
 mnt_s_out_seg_acc_all:0.9734

20251017-191113 STREAM b'IHDR' 16 13
20251017-191113 STREAM b'IDAT' 41 2185
20251017-191113 STREAM b'IHDR' 16 13
20251017-191113 STREAM b'IDAT' 41 2185
20251017-191113 STREAM b'IHDR' 16 13
20251017-191113 STREAM b'IDAT' 41 2185
20251017-191113 STREAM b'IHDR' 16 13
20251017-191113 STREAM b'IDAT' 41 2185
20251017-191118 epoch=26, step=0
20251017-191118 loss:18.9577
 ori_out_1_loss:11.2321
 ori_out_2_loss:8.4028
 seg_out_loss:0.1981
 mnt_o_out_loss:8.0423
 mnt_w_out_loss:4.8801
 mnt_h_out_loss:4.4223
 mnt_s_out_loss:0.0293
 ori_out_1_ori_acc_delta_10:0.7281
 ori_out_2_ori_acc_delta_10:0.8696
 seg_out_seg_acc_pos:0.9502
 seg_out_seg_acc_neg:0.9326
 seg_out_seg_acc_all:0.9369
 mnt_o_out_mnt_acc_delta_10:0.8696
 mnt_w_out_mnt_mean_delta:1.5217
 mnt_h_out_mnt_mean_delta:1.1087
 mnt_s_out_seg_acc_pos:0.8478
 mnt_s_out_seg_acc_neg:0.9740
 mnt_s_out_seg_acc_all:0.9733

20251017-191118 STREAM b'IHDR' 16 13
20251017-191118 STREAM b'IDAT' 41 2185
20251017-191118 STREAM b'IHDR' 16 13
20251017-191118 STREAM b'IDAT' 41 2185
20251017-191119 STREAM b'IHDR' 16 13
20251017-191119 STREAM b'IDAT' 41 2185
20251017-191119 STREAM b'IHDR' 16 13
20251017-191119 STREAM b'IDAT' 41 2185
20251017-191124 epoch=27, step=0
20251017-191124 loss:15.9920
 ori_out_1_loss:11.0681
 ori_out_2_loss:7.8104
 seg_out_loss:0.1809
 mnt_o_out_loss:7.5716
 mnt_w_out_loss:4.7791
 mnt_h_out_loss:4.8520
 mnt_s_out_loss:0.0161
 ori_out_1_ori_acc_delta_10:0.7226
 ori_out_2_ori_acc_delta_10:0.9130
 seg_out_seg_acc_pos:0.9627
 seg_out_seg_acc_neg:0.9346
 seg_out_seg_acc_all:0.9414
 mnt_o_out_mnt_acc_delta_10:0.9565
 mnt_w_out_mnt_mean_delta:1.4783
 mnt_h_out_mnt_mean_delta:1.4565
 mnt_s_out_seg_acc_pos:0.9783
 mnt_s_out_seg_acc_neg:0.9748
 mnt_s_out_seg_acc_all:0.9749

20251017-191124 STREAM b'IHDR' 16 13
20251017-191124 STREAM b'IDAT' 41 2185
20251017-191124 STREAM b'IHDR' 16 13
20251017-191124 STREAM b'IDAT' 41 2185
20251017-191124 STREAM b'IHDR' 16 13
20251017-191124 STREAM b'IDAT' 41 2185
20251017-191124 STREAM b'IHDR' 16 13
20251017-191124 STREAM b'IDAT' 41 2185
20251017-191130 epoch=28, step=0
20251017-191130 loss:13.3320
 ori_out_1_loss:10.9015
 ori_out_2_loss:7.7668
 seg_out_loss:0.1643
 mnt_o_out_loss:6.7759
 mnt_w_out_loss:4.5897
 mnt_h_out_loss:4.4820
 mnt_s_out_loss:0.0071
 ori_out_1_ori_acc_delta_10:0.7520
 ori_out_2_ori_acc_delta_10:0.9565
 seg_out_seg_acc_pos:0.9775
 seg_out_seg_acc_neg:0.9333
 seg_out_seg_acc_all:0.9438
 mnt_o_out_mnt_acc_delta_10:1.0000
 mnt_w_out_mnt_mean_delta:1.2609
 mnt_h_out_mnt_mean_delta:1.2174
 mnt_s_out_seg_acc_pos:1.0000
 mnt_s_out_seg_acc_neg:0.9759
 mnt_s_out_seg_acc_all:0.9761

20251017-191130 STREAM b'IHDR' 16 13
20251017-191130 STREAM b'IDAT' 41 2185
20251017-191130 STREAM b'IHDR' 16 13
20251017-191130 STREAM b'IDAT' 41 2185
20251017-191130 STREAM b'IHDR' 16 13
20251017-191130 STREAM b'IDAT' 41 2185
20251017-191130 STREAM b'IHDR' 16 13
20251017-191130 STREAM b'IDAT' 41 2185
20251017-191135 epoch=29, step=0
20251017-191135 loss:13.2298
 ori_out_1_loss:10.8939
 ori_out_2_loss:7.7389
 seg_out_loss:0.1640
 mnt_o_out_loss:6.7190
 mnt_w_out_loss:4.5747
 mnt_h_out_loss:4.4641
 mnt_s_out_loss:0.0069
 ori_out_1_ori_acc_delta_10:0.7520
 ori_out_2_ori_acc_delta_10:0.9565
 seg_out_seg_acc_pos:0.9785
 seg_out_seg_acc_neg:0.9349
 seg_out_seg_acc_all:0.9453
 mnt_o_out_mnt_acc_delta_10:1.0000
 mnt_w_out_mnt_mean_delta:1.2174
 mnt_h_out_mnt_mean_delta:1.2174
 mnt_s_out_seg_acc_pos:1.0000
 mnt_s_out_seg_acc_neg:0.9759
 mnt_s_out_seg_acc_all:0.9761

20251017-191135 STREAM b'IHDR' 16 13
20251017-191135 STREAM b'IDAT' 41 2185
20251017-191135 STREAM b'IHDR' 16 13
20251017-191135 STREAM b'IDAT' 41 2185
20251017-191135 STREAM b'IHDR' 16 13
20251017-191135 STREAM b'IDAT' 41 2185
20251017-191135 STREAM b'IHDR' 16 13
20251017-191135 STREAM b'IDAT' 41 2185
20251017-191141 epoch=30, step=0
20251017-191141 loss:18.4700
 ori_out_1_loss:11.3453
 ori_out_2_loss:8.7663
 seg_out_loss:0.1908
 mnt_o_out_loss:8.3269
 mnt_w_out_loss:4.6885
 mnt_h_out_loss:4.9361
 mnt_s_out_loss:0.0255
 ori_out_1_ori_acc_delta_10:0.7047
 ori_out_2_ori_acc_delta_10:0.8864
 seg_out_seg_acc_pos:0.9620
 seg_out_seg_acc_neg:0.9327
 seg_out_seg_acc_all:0.9393
 mnt_o_out_mnt_acc_delta_10:0.8864
 mnt_w_out_mnt_mean_delta:1.3636
 mnt_h_out_mnt_mean_delta:1.6364
 mnt_s_out_seg_acc_pos:0.8636
 mnt_s_out_seg_acc_neg:0.9725
 mnt_s_out_seg_acc_all:0.9719

20251017-191141 STREAM b'IHDR' 16 13
20251017-191141 STREAM b'IDAT' 41 2185
20251017-191141 STREAM b'IHDR' 16 13
20251017-191141 STREAM b'IDAT' 41 2185
20251017-191141 STREAM b'IHDR' 16 13
20251017-191141 STREAM b'IDAT' 41 2185
20251017-191141 STREAM b'IHDR' 16 13
20251017-191141 STREAM b'IDAT' 41 2185
20251017-191147 epoch=31, step=0
20251017-191147 loss:15.0354
 ori_out_1_loss:11.1627
 ori_out_2_loss:8.0310
 seg_out_loss:0.1719
 mnt_o_out_loss:7.3210
 mnt_w_out_loss:4.6988
 mnt_h_out_loss:4.7399
 mnt_s_out_loss:0.0127
 ori_out_1_ori_acc_delta_10:0.7362
 ori_out_2_ori_acc_delta_10:0.9348
 seg_out_seg_acc_pos:0.9651
 seg_out_seg_acc_neg:0.9356
 seg_out_seg_acc_all:0.9427
 mnt_o_out_mnt_acc_delta_10:0.9565
 mnt_w_out_mnt_mean_delta:1.3696
 mnt_h_out_mnt_mean_delta:1.3261
 mnt_s_out_seg_acc_pos:0.9783
 mnt_s_out_seg_acc_neg:0.9748
 mnt_s_out_seg_acc_all:0.9749

20251017-191147 STREAM b'IHDR' 16 13
20251017-191147 STREAM b'IDAT' 41 2185
20251017-191147 STREAM b'IHDR' 16 13
20251017-191147 STREAM b'IDAT' 41 2185
20251017-191147 STREAM b'IHDR' 16 13
20251017-191147 STREAM b'IDAT' 41 2185
20251017-191147 STREAM b'IHDR' 16 13
20251017-191147 STREAM b'IDAT' 41 2185
20251017-191153 epoch=32, step=0
20251017-191153 loss:14.9924
 ori_out_1_loss:11.1699
 ori_out_2_loss:8.2085
 seg_out_loss:0.1777
 mnt_o_out_loss:7.4006
 mnt_w_out_loss:4.6049
 mnt_h_out_loss:4.5105
 mnt_s_out_loss:0.0127
 ori_out_1_ori_acc_delta_10:0.7313
 ori_out_2_ori_acc_delta_10:0.9348
 seg_out_seg_acc_pos:0.9663
 seg_out_seg_acc_neg:0.9371
 seg_out_seg_acc_all:0.9442
 mnt_o_out_mnt_acc_delta_10:0.9783
 mnt_w_out_mnt_mean_delta:1.2609
 mnt_h_out_mnt_mean_delta:1.1522
 mnt_s_out_seg_acc_pos:0.9783
 mnt_s_out_seg_acc_neg:0.9747
 mnt_s_out_seg_acc_all:0.9747

20251017-191153 STREAM b'IHDR' 16 13
20251017-191153 STREAM b'IDAT' 41 2185
20251017-191153 STREAM b'IHDR' 16 13
20251017-191153 STREAM b'IDAT' 41 2185
20251017-191153 STREAM b'IHDR' 16 13
20251017-191153 STREAM b'IDAT' 41 2185
20251017-191153 STREAM b'IHDR' 16 13
20251017-191153 STREAM b'IDAT' 41 2185
20251017-191158 epoch=33, step=0
20251017-191158 loss:18.2538
 ori_out_1_loss:11.2377
 ori_out_2_loss:8.4504
 seg_out_loss:0.1923
 mnt_o_out_loss:8.2201
 mnt_w_out_loss:4.7940
 mnt_h_out_loss:4.7978
 mnt_s_out_loss:0.0249
 ori_out_1_ori_acc_delta_10:0.7294
 ori_out_2_ori_acc_delta_10:0.8913
 seg_out_seg_acc_pos:0.9523
 seg_out_seg_acc_neg:0.9249
 seg_out_seg_acc_all:0.9315
 mnt_o_out_mnt_acc_delta_10:0.8696
 mnt_w_out_mnt_mean_delta:1.2391
 mnt_h_out_mnt_mean_delta:1.5000
 mnt_s_out_seg_acc_pos:0.9348
 mnt_s_out_seg_acc_neg:0.9681
 mnt_s_out_seg_acc_all:0.9679

20251017-191158 STREAM b'IHDR' 16 13
20251017-191158 STREAM b'IDAT' 41 2185
20251017-191158 STREAM b'IHDR' 16 13
20251017-191158 STREAM b'IDAT' 41 2185
20251017-191159 STREAM b'IHDR' 16 13
20251017-191159 STREAM b'IDAT' 41 2185
20251017-191159 STREAM b'IHDR' 16 13
20251017-191159 STREAM b'IDAT' 41 2185
20251017-191204 epoch=34, step=0
20251017-191204 loss:16.8693
 ori_out_1_loss:10.9460
 ori_out_2_loss:8.2436
 seg_out_loss:0.1529
 mnt_o_out_loss:7.6878
 mnt_w_out_loss:4.8746
 mnt_h_out_loss:4.7752
 mnt_s_out_loss:0.0214
 ori_out_1_ori_acc_delta_10:0.7433
 ori_out_2_ori_acc_delta_10:0.9091
 seg_out_seg_acc_pos:0.9759
 seg_out_seg_acc_neg:0.9419
 seg_out_seg_acc_all:0.9495
 mnt_o_out_mnt_acc_delta_10:0.9545
 mnt_w_out_mnt_mean_delta:1.5682
 mnt_h_out_mnt_mean_delta:1.5682
 mnt_s_out_seg_acc_pos:0.9091
 mnt_s_out_seg_acc_neg:0.9741
 mnt_s_out_seg_acc_all:0.9738

20251017-191204 STREAM b'IHDR' 16 13
20251017-191204 STREAM b'IDAT' 41 2185
20251017-191204 STREAM b'IHDR' 16 13
20251017-191204 STREAM b'IDAT' 41 2185
20251017-191204 STREAM b'IHDR' 16 13
20251017-191204 STREAM b'IDAT' 41 2185
20251017-191204 STREAM b'IHDR' 16 13
20251017-191204 STREAM b'IDAT' 41 2185
20251017-191210 epoch=35, step=0
20251017-191210 loss:20.8150
 ori_out_1_loss:11.4085
 ori_out_2_loss:8.5183
 seg_out_loss:0.1942
 mnt_o_out_loss:8.1419
 mnt_w_out_loss:4.7337
 mnt_h_out_loss:4.9409
 mnt_s_out_loss:0.0375
 ori_out_1_ori_acc_delta_10:0.7194
 ori_out_2_ori_acc_delta_10:0.8696
 seg_out_seg_acc_pos:0.9462
 seg_out_seg_acc_neg:0.9416
 seg_out_seg_acc_all:0.9427
 mnt_o_out_mnt_acc_delta_10:0.8043
 mnt_w_out_mnt_mean_delta:1.4348
 mnt_h_out_mnt_mean_delta:1.5652
 mnt_s_out_seg_acc_pos:0.8913
 mnt_s_out_seg_acc_neg:0.9720
 mnt_s_out_seg_acc_all:0.9716

20251017-191210 STREAM b'IHDR' 16 13
20251017-191210 STREAM b'IDAT' 41 2185
20251017-191210 STREAM b'IHDR' 16 13
20251017-191210 STREAM b'IDAT' 41 2185
20251017-191210 STREAM b'IHDR' 16 13
20251017-191210 STREAM b'IDAT' 41 2185
20251017-191210 STREAM b'IHDR' 16 13
20251017-191210 STREAM b'IDAT' 41 2185
20251017-191215 epoch=36, step=0
20251017-191215 loss:17.2365
 ori_out_1_loss:11.2339
 ori_out_2_loss:8.6227
 seg_out_loss:0.1836
 mnt_o_out_loss:8.1982
 mnt_w_out_loss:4.9693
 mnt_h_out_loss:4.5648
 mnt_s_out_loss:0.0204
 ori_out_1_ori_acc_delta_10:0.7126
 ori_out_2_ori_acc_delta_10:0.8864
 seg_out_seg_acc_pos:0.9816
 seg_out_seg_acc_neg:0.9054
 seg_out_seg_acc_all:0.9231
 mnt_o_out_mnt_acc_delta_10:0.9091
 mnt_w_out_mnt_mean_delta:1.7045
 mnt_h_out_mnt_mean_delta:1.3409
 mnt_s_out_seg_acc_pos:0.9318
 mnt_s_out_seg_acc_neg:0.9741
 mnt_s_out_seg_acc_all:0.9739

20251017-191215 STREAM b'IHDR' 16 13
20251017-191215 STREAM b'IDAT' 41 2185
20251017-191215 STREAM b'IHDR' 16 13
20251017-191215 STREAM b'IDAT' 41 2185
20251017-191216 STREAM b'IHDR' 16 13
20251017-191216 STREAM b'IDAT' 41 2185
20251017-191216 STREAM b'IHDR' 16 13
20251017-191216 STREAM b'IDAT' 41 2185
20251017-191221 epoch=37, step=0
20251017-191221 loss:19.0107
 ori_out_1_loss:11.1709
 ori_out_2_loss:8.4853
 seg_out_loss:0.1881
 mnt_o_out_loss:7.9407
 mnt_w_out_loss:4.5804
 mnt_h_out_loss:4.6216
 mnt_s_out_loss:0.0306
 ori_out_1_ori_acc_delta_10:0.7271
 ori_out_2_ori_acc_delta_10:0.8913
 seg_out_seg_acc_pos:0.9619
 seg_out_seg_acc_neg:0.9253
 seg_out_seg_acc_all:0.9341
 mnt_o_out_mnt_acc_delta_10:0.9348
 mnt_w_out_mnt_mean_delta:1.4783
 mnt_h_out_mnt_mean_delta:1.3043
 mnt_s_out_seg_acc_pos:0.8696
 mnt_s_out_seg_acc_neg:0.9748
 mnt_s_out_seg_acc_all:0.9742

20251017-191221 STREAM b'IHDR' 16 13
20251017-191221 STREAM b'IDAT' 41 2185
20251017-191221 STREAM b'IHDR' 16 13
20251017-191221 STREAM b'IDAT' 41 2185
20251017-191221 STREAM b'IHDR' 16 13
20251017-191221 STREAM b'IDAT' 41 2185
20251017-191221 STREAM b'IHDR' 16 13
20251017-191221 STREAM b'IDAT' 41 2185
20251017-191227 epoch=38, step=0
20251017-191227 loss:16.8018
 ori_out_1_loss:11.2428
 ori_out_2_loss:8.1591
 seg_out_loss:0.1653
 mnt_o_out_loss:8.2071
 mnt_w_out_loss:4.6929
 mnt_h_out_loss:4.6509
 mnt_s_out_loss:0.0198
 ori_out_1_ori_acc_delta_10:0.7099
 ori_out_2_ori_acc_delta_10:0.9556
 seg_out_seg_acc_pos:0.9790
 seg_out_seg_acc_neg:0.9225
 seg_out_seg_acc_all:0.9363
 mnt_o_out_mnt_acc_delta_10:0.8913
 mnt_w_out_mnt_mean_delta:1.6087
 mnt_h_out_mnt_mean_delta:1.2391
 mnt_s_out_seg_acc_pos:0.9565
 mnt_s_out_seg_acc_neg:0.9713
 mnt_s_out_seg_acc_all:0.9712

20251017-191227 STREAM b'IHDR' 16 13
20251017-191227 STREAM b'IDAT' 41 2185
20251017-191227 STREAM b'IHDR' 16 13
20251017-191227 STREAM b'IDAT' 41 2185
20251017-191227 STREAM b'IHDR' 16 13
20251017-191227 STREAM b'IDAT' 41 2185
20251017-191227 STREAM b'IHDR' 16 13
20251017-191227 STREAM b'IDAT' 41 2185
20251017-191232 epoch=39, step=0
20251017-191232 loss:14.4023
 ori_out_1_loss:11.0114
 ori_out_2_loss:8.1800
 seg_out_loss:0.1709
 mnt_o_out_loss:7.4283
 mnt_w_out_loss:4.5947
 mnt_h_out_loss:4.4247
 mnt_s_out_loss:0.0104
 ori_out_1_ori_acc_delta_10:0.7317
 ori_out_2_ori_acc_delta_10:0.9130
 seg_out_seg_acc_pos:0.9647
 seg_out_seg_acc_neg:0.9446
 seg_out_seg_acc_all:0.9495
 mnt_o_out_mnt_acc_delta_10:0.9348
 mnt_w_out_mnt_mean_delta:1.3478
 mnt_h_out_mnt_mean_delta:1.0870
 mnt_s_out_seg_acc_pos:1.0000
 mnt_s_out_seg_acc_neg:0.9754
 mnt_s_out_seg_acc_all:0.9756

20251017-191232 STREAM b'IHDR' 16 13
20251017-191232 STREAM b'IDAT' 41 2185
20251017-191232 STREAM b'IHDR' 16 13
20251017-191232 STREAM b'IDAT' 41 2185
20251017-191232 STREAM b'IHDR' 16 13
20251017-191232 STREAM b'IDAT' 41 2185
20251017-191232 STREAM b'IHDR' 16 13
20251017-191232 STREAM b'IDAT' 41 2185
20251017-191238 epoch=40, step=0
20251017-191238 loss:17.5909
 ori_out_1_loss:11.3530
 ori_out_2_loss:8.3271
 seg_out_loss:0.2003
 mnt_o_out_loss:8.3298
 mnt_w_out_loss:4.7442
 mnt_h_out_loss:4.8642
 mnt_s_out_loss:0.0209
 ori_out_1_ori_acc_delta_10:0.7153
 ori_out_2_ori_acc_delta_10:0.8696
 seg_out_seg_acc_pos:0.9490
 seg_out_seg_acc_neg:0.9308
 seg_out_seg_acc_all:0.9353
 mnt_o_out_mnt_acc_delta_10:0.8696
 mnt_w_out_mnt_mean_delta:1.3913
 mnt_h_out_mnt_mean_delta:1.7391
 mnt_s_out_seg_acc_pos:0.9783
 mnt_s_out_seg_acc_neg:0.9697
 mnt_s_out_seg_acc_all:0.9697

20251017-191238 STREAM b'IHDR' 16 13
20251017-191238 STREAM b'IDAT' 41 2185
20251017-191238 STREAM b'IHDR' 16 13
20251017-191238 STREAM b'IDAT' 41 2185
20251017-191238 STREAM b'IHDR' 16 13
20251017-191238 STREAM b'IDAT' 41 2185
20251017-191238 STREAM b'IHDR' 16 13
20251017-191238 STREAM b'IDAT' 41 2185
20251017-191244 epoch=41, step=0
20251017-191244 loss:17.9068
 ori_out_1_loss:11.2912
 ori_out_2_loss:8.1688
 seg_out_loss:0.1724
 mnt_o_out_loss:7.9898
 mnt_w_out_loss:4.6749
 mnt_h_out_loss:4.7084
 mnt_s_out_loss:0.0254
 ori_out_1_ori_acc_delta_10:0.7161
 ori_out_2_ori_acc_delta_10:0.9130
 seg_out_seg_acc_pos:0.9680
 seg_out_seg_acc_neg:0.9290
 seg_out_seg_acc_all:0.9385
 mnt_o_out_mnt_acc_delta_10:0.8696
 mnt_w_out_mnt_mean_delta:1.5870
 mnt_h_out_mnt_mean_delta:1.4130
 mnt_s_out_seg_acc_pos:0.8913
 mnt_s_out_seg_acc_neg:0.9736
 mnt_s_out_seg_acc_all:0.9731

20251017-191244 STREAM b'IHDR' 16 13
20251017-191244 STREAM b'IDAT' 41 2185
20251017-191244 STREAM b'IHDR' 16 13
20251017-191244 STREAM b'IDAT' 41 2185
20251017-191244 STREAM b'IHDR' 16 13
20251017-191244 STREAM b'IDAT' 41 2185
20251017-191244 STREAM b'IHDR' 16 13
20251017-191244 STREAM b'IDAT' 41 2185
20251017-191249 epoch=42, step=0
20251017-191249 loss:16.6922
 ori_out_1_loss:11.6403
 ori_out_2_loss:8.5743
 seg_out_loss:0.1726
 mnt_o_out_loss:8.3912
 mnt_w_out_loss:4.9129
 mnt_h_out_loss:4.9135
 mnt_s_out_loss:0.0168
 ori_out_1_ori_acc_delta_10:0.6825
 ori_out_2_ori_acc_delta_10:0.8864
 seg_out_seg_acc_pos:0.9708
 seg_out_seg_acc_neg:0.9242
 seg_out_seg_acc_all:0.9351
 mnt_o_out_mnt_acc_delta_10:0.8864
 mnt_w_out_mnt_mean_delta:1.5227
 mnt_h_out_mnt_mean_delta:1.5455
 mnt_s_out_seg_acc_pos:0.9545
 mnt_s_out_seg_acc_neg:0.9713
 mnt_s_out_seg_acc_all:0.9712

20251017-191249 STREAM b'IHDR' 16 13
20251017-191249 STREAM b'IDAT' 41 2185
20251017-191249 STREAM b'IHDR' 16 13
20251017-191249 STREAM b'IDAT' 41 2185
20251017-191249 STREAM b'IHDR' 16 13
20251017-191249 STREAM b'IDAT' 41 2185
20251017-191249 STREAM b'IHDR' 16 13
20251017-191249 STREAM b'IDAT' 41 2185
20251017-191255 epoch=43, step=0
20251017-191255 loss:17.3222
 ori_out_1_loss:11.6361
 ori_out_2_loss:8.5463
 seg_out_loss:0.1865
 mnt_o_out_loss:7.9568
 mnt_w_out_loss:4.7476
 mnt_h_out_loss:4.9034
 mnt_s_out_loss:0.0208
 ori_out_1_ori_acc_delta_10:0.7007
 ori_out_2_ori_acc_delta_10:0.9348
 seg_out_seg_acc_pos:0.9583
 seg_out_seg_acc_neg:0.9265
 seg_out_seg_acc_all:0.9343
 mnt_o_out_mnt_acc_delta_10:0.9130
 mnt_w_out_mnt_mean_delta:1.3478
 mnt_h_out_mnt_mean_delta:1.5217
 mnt_s_out_seg_acc_pos:0.9565
 mnt_s_out_seg_acc_neg:0.9703
 mnt_s_out_seg_acc_all:0.9702

20251017-191255 STREAM b'IHDR' 16 13
20251017-191255 STREAM b'IDAT' 41 2185
20251017-191255 STREAM b'IHDR' 16 13
20251017-191255 STREAM b'IDAT' 41 2185
20251017-191255 STREAM b'IHDR' 16 13
20251017-191255 STREAM b'IDAT' 41 2185
20251017-191255 STREAM b'IHDR' 16 13
20251017-191255 STREAM b'IDAT' 41 2185
20251017-191301 epoch=44, step=0
20251017-191301 loss:18.1026
 ori_out_1_loss:11.3431
 ori_out_2_loss:8.1515
 seg_out_loss:0.1643
 mnt_o_out_loss:7.8995
 mnt_w_out_loss:4.7851
 mnt_h_out_loss:4.9730
 mnt_s_out_loss:0.0260
 ori_out_1_ori_acc_delta_10:0.7138
 ori_out_2_ori_acc_delta_10:0.8409
 seg_out_seg_acc_pos:0.9665
 seg_out_seg_acc_neg:0.9389
 seg_out_seg_acc_all:0.9453
 mnt_o_out_mnt_acc_delta_10:0.9348
 mnt_w_out_mnt_mean_delta:1.3478
 mnt_h_out_mnt_mean_delta:1.4348
 mnt_s_out_seg_acc_pos:0.8913
 mnt_s_out_seg_acc_neg:0.9712
 mnt_s_out_seg_acc_all:0.9707

20251017-191301 STREAM b'IHDR' 16 13
20251017-191301 STREAM b'IDAT' 41 2185
20251017-191301 STREAM b'IHDR' 16 13
20251017-191301 STREAM b'IDAT' 41 2185
20251017-191301 STREAM b'IHDR' 16 13
20251017-191301 STREAM b'IDAT' 41 2185
20251017-191301 STREAM b'IHDR' 16 13
20251017-191301 STREAM b'IDAT' 41 2185
20251017-191306 epoch=45, step=0
20251017-191306 loss:18.2180
 ori_out_1_loss:11.3560
 ori_out_2_loss:8.6724
 seg_out_loss:0.1892
 mnt_o_out_loss:8.2140
 mnt_w_out_loss:4.7225
 mnt_h_out_loss:4.4417
 mnt_s_out_loss:0.0258
 ori_out_1_ori_acc_delta_10:0.7191
 ori_out_2_ori_acc_delta_10:0.8696
 seg_out_seg_acc_pos:0.9517
 seg_out_seg_acc_neg:0.9416
 seg_out_seg_acc_all:0.9441
 mnt_o_out_mnt_acc_delta_10:0.8913
 mnt_w_out_mnt_mean_delta:1.3913
 mnt_h_out_mnt_mean_delta:1.2391
 mnt_s_out_seg_acc_pos:0.8696
 mnt_s_out_seg_acc_neg:0.9724
 mnt_s_out_seg_acc_all:0.9718

20251017-191306 STREAM b'IHDR' 16 13
20251017-191306 STREAM b'IDAT' 41 2185
20251017-191306 STREAM b'IHDR' 16 13
20251017-191306 STREAM b'IDAT' 41 2185
20251017-191307 STREAM b'IHDR' 16 13
20251017-191307 STREAM b'IDAT' 41 2185
20251017-191307 STREAM b'IHDR' 16 13
20251017-191307 STREAM b'IDAT' 41 2185
20251017-191312 epoch=46, step=0
20251017-191312 loss:15.9122
 ori_out_1_loss:11.1867
 ori_out_2_loss:8.7238
 seg_out_loss:0.1419
 mnt_o_out_loss:8.4508
 mnt_w_out_loss:4.9036
 mnt_h_out_loss:4.7446
 mnt_s_out_loss:0.0149
 ori_out_1_ori_acc_delta_10:0.7111
 ori_out_2_ori_acc_delta_10:0.9070
 seg_out_seg_acc_pos:0.9884
 seg_out_seg_acc_neg:0.9420
 seg_out_seg_acc_all:0.9523
 mnt_o_out_mnt_acc_delta_10:0.9535
 mnt_w_out_mnt_mean_delta:1.5349
 mnt_h_out_mnt_mean_delta:1.3023
 mnt_s_out_seg_acc_pos:0.9767
 mnt_s_out_seg_acc_neg:0.9720
 mnt_s_out_seg_acc_all:0.9720

20251017-191312 STREAM b'IHDR' 16 13
20251017-191312 STREAM b'IDAT' 41 2185
20251017-191312 STREAM b'IHDR' 16 13
20251017-191312 STREAM b'IDAT' 41 2185
20251017-191312 STREAM b'IHDR' 16 13
20251017-191312 STREAM b'IDAT' 41 2185
20251017-191312 STREAM b'IHDR' 16 13
20251017-191312 STREAM b'IDAT' 41 2185
20251017-191318 epoch=47, step=0
20251017-191318 loss:17.2814
 ori_out_1_loss:11.3037
 ori_out_2_loss:8.1572
 seg_out_loss:0.1602
 mnt_o_out_loss:7.9393
 mnt_w_out_loss:4.8840
 mnt_h_out_loss:4.5925
 mnt_s_out_loss:0.0228
 ori_out_1_ori_acc_delta_10:0.7016
 ori_out_2_ori_acc_delta_10:0.9111
 seg_out_seg_acc_pos:0.9864
 seg_out_seg_acc_neg:0.9243
 seg_out_seg_acc_all:0.9393
 mnt_o_out_mnt_acc_delta_10:0.9348
 mnt_w_out_mnt_mean_delta:1.7174
 mnt_h_out_mnt_mean_delta:1.2826
 mnt_s_out_seg_acc_pos:0.8913
 mnt_s_out_seg_acc_neg:0.9687
 mnt_s_out_seg_acc_all:0.9683

20251017-191318 STREAM b'IHDR' 16 13
20251017-191318 STREAM b'IDAT' 41 2185
20251017-191318 STREAM b'IHDR' 16 13
20251017-191318 STREAM b'IDAT' 41 2185
20251017-191318 STREAM b'IHDR' 16 13
20251017-191318 STREAM b'IDAT' 41 2185
20251017-191318 STREAM b'IHDR' 16 13
20251017-191318 STREAM b'IDAT' 41 2185
20251017-191324 epoch=48, step=0
20251017-191324 loss:15.9309
 ori_out_1_loss:10.8826
 ori_out_2_loss:8.3358
 seg_out_loss:0.1677
 mnt_o_out_loss:7.5515
 mnt_w_out_loss:4.6084
 mnt_h_out_loss:4.6292
 mnt_s_out_loss:0.0173
 ori_out_1_ori_acc_delta_10:0.7347
 ori_out_2_ori_acc_delta_10:0.8889
 seg_out_seg_acc_pos:0.9889
 seg_out_seg_acc_neg:0.9341
 seg_out_seg_acc_all:0.9468
 mnt_o_out_mnt_acc_delta_10:0.9778
 mnt_w_out_mnt_mean_delta:1.1778
 mnt_h_out_mnt_mean_delta:1.3333
 mnt_s_out_seg_acc_pos:0.9778
 mnt_s_out_seg_acc_neg:0.9737
 mnt_s_out_seg_acc_all:0.9738

20251017-191324 STREAM b'IHDR' 16 13
20251017-191324 STREAM b'IDAT' 41 2185
20251017-191324 STREAM b'IHDR' 16 13
20251017-191324 STREAM b'IDAT' 41 2185
20251017-191324 STREAM b'IHDR' 16 13
20251017-191324 STREAM b'IDAT' 41 2185
20251017-191324 STREAM b'IHDR' 16 13
20251017-191324 STREAM b'IDAT' 41 2185
20251017-191329 epoch=49, step=0
20251017-191329 loss:14.0968
 ori_out_1_loss:11.2413
 ori_out_2_loss:7.8909
 seg_out_loss:0.1588
 mnt_o_out_loss:7.0805
 mnt_w_out_loss:4.6515
 mnt_h_out_loss:4.4659
 mnt_s_out_loss:0.0101
 ori_out_1_ori_acc_delta_10:0.7223
 ori_out_2_ori_acc_delta_10:0.9348
 seg_out_seg_acc_pos:0.9798
 seg_out_seg_acc_neg:0.9361
 seg_out_seg_acc_all:0.9467
 mnt_o_out_mnt_acc_delta_10:0.9783
 mnt_w_out_mnt_mean_delta:1.4565
 mnt_h_out_mnt_mean_delta:1.1957
 mnt_s_out_seg_acc_pos:1.0000
 mnt_s_out_seg_acc_neg:0.9767
 mnt_s_out_seg_acc_all:0.9768

20251017-191329 STREAM b'IHDR' 16 13
20251017-191329 STREAM b'IDAT' 41 2185
20251017-191329 STREAM b'IHDR' 16 13
20251017-191329 STREAM b'IDAT' 41 2185
20251017-191330 STREAM b'IHDR' 16 13
20251017-191330 STREAM b'IDAT' 41 2185
20251017-191330 STREAM b'IHDR' 16 13
20251017-191330 STREAM b'IDAT' 41 2185
20251017-191335 epoch=50, step=0
20251017-191335 loss:17.0496
 ori_out_1_loss:11.3760
 ori_out_2_loss:8.5581
 seg_out_loss:0.1726
 mnt_o_out_loss:7.9861
 mnt_w_out_loss:4.6706
 mnt_h_out_loss:4.6269
 mnt_s_out_loss:0.0211
 ori_out_1_ori_acc_delta_10:0.7213
 ori_out_2_ori_acc_delta_10:0.9348
 seg_out_seg_acc_pos:0.9614
 seg_out_seg_acc_neg:0.9366
 seg_out_seg_acc_all:0.9427
 mnt_o_out_mnt_acc_delta_10:0.9130
 mnt_w_out_mnt_mean_delta:1.3913
 mnt_h_out_mnt_mean_delta:1.3696
 mnt_s_out_seg_acc_pos:0.9565
 mnt_s_out_seg_acc_neg:0.9729
 mnt_s_out_seg_acc_all:0.9728

20251017-191335 STREAM b'IHDR' 16 13
20251017-191335 STREAM b'IDAT' 41 2185
20251017-191335 STREAM b'IHDR' 16 13
20251017-191335 STREAM b'IDAT' 41 2185
20251017-191335 STREAM b'IHDR' 16 13
20251017-191335 STREAM b'IDAT' 41 2185
20251017-191335 STREAM b'IHDR' 16 13
20251017-191335 STREAM b'IDAT' 41 2185
20251017-191340 epoch=51, step=0
20251017-191340 loss:14.5253
 ori_out_1_loss:11.2737
 ori_out_2_loss:7.9275
 seg_out_loss:0.1658
 mnt_o_out_loss:7.0405
 mnt_w_out_loss:4.6094
 mnt_h_out_loss:4.5020
 mnt_s_out_loss:0.0120
 ori_out_1_ori_acc_delta_10:0.7227
 ori_out_2_ori_acc_delta_10:0.9348
 seg_out_seg_acc_pos:0.9673
 seg_out_seg_acc_neg:0.9421
 seg_out_seg_acc_all:0.9482
 mnt_o_out_mnt_acc_delta_10:0.9565
 mnt_w_out_mnt_mean_delta:1.3696
 mnt_h_out_mnt_mean_delta:1.2609
 mnt_s_out_seg_acc_pos:0.9565
 mnt_s_out_seg_acc_neg:0.9762
 mnt_s_out_seg_acc_all:0.9761

20251017-191340 STREAM b'IHDR' 16 13
20251017-191340 STREAM b'IDAT' 41 2185
20251017-191340 STREAM b'IHDR' 16 13
20251017-191340 STREAM b'IDAT' 41 2185
20251017-191341 STREAM b'IHDR' 16 13
20251017-191341 STREAM b'IDAT' 41 2185
20251017-191341 STREAM b'IHDR' 16 13
20251017-191341 STREAM b'IDAT' 41 2185
20251017-191346 epoch=52, step=0
20251017-191346 loss:13.7244
 ori_out_1_loss:11.1725
 ori_out_2_loss:7.7765
 seg_out_loss:0.1568
 mnt_o_out_loss:7.1629
 mnt_w_out_loss:4.2495
 mnt_h_out_loss:4.1179
 mnt_s_out_loss:0.0101
 ori_out_1_ori_acc_delta_10:0.7055
 ori_out_2_ori_acc_delta_10:0.9268
 seg_out_seg_acc_pos:0.9844
 seg_out_seg_acc_neg:0.9298
 seg_out_seg_acc_all:0.9418
 mnt_o_out_mnt_acc_delta_10:0.9512
 mnt_w_out_mnt_mean_delta:0.9024
 mnt_h_out_mnt_mean_delta:0.9268
 mnt_s_out_seg_acc_pos:0.9756
 mnt_s_out_seg_acc_neg:0.9756
 mnt_s_out_seg_acc_all:0.9756

20251017-191346 STREAM b'IHDR' 16 13
20251017-191346 STREAM b'IDAT' 41 2185
20251017-191346 STREAM b'IHDR' 16 13
20251017-191346 STREAM b'IDAT' 41 2185
20251017-191346 STREAM b'IHDR' 16 13
20251017-191346 STREAM b'IDAT' 41 2185
20251017-191346 STREAM b'IHDR' 16 13
20251017-191346 STREAM b'IDAT' 41 2185
20251017-191352 epoch=53, step=0
20251017-191352 loss:14.0354
 ori_out_1_loss:11.0214
 ori_out_2_loss:7.4725
 seg_out_loss:0.1525
 mnt_o_out_loss:6.7159
 mnt_w_out_loss:4.4400
 mnt_h_out_loss:4.4856
 mnt_s_out_loss:0.0118
 ori_out_1_ori_acc_delta_10:0.7346
 ori_out_2_ori_acc_delta_10:0.8889
 seg_out_seg_acc_pos:0.9933
 seg_out_seg_acc_neg:0.9364
 seg_out_seg_acc_all:0.9500
 mnt_o_out_mnt_acc_delta_10:0.9783
 mnt_w_out_mnt_mean_delta:1.0217
 mnt_h_out_mnt_mean_delta:1.1522
 mnt_s_out_seg_acc_pos:0.9565
 mnt_s_out_seg_acc_neg:0.9742
 mnt_s_out_seg_acc_all:0.9741

20251017-191352 STREAM b'IHDR' 16 13
20251017-191352 STREAM b'IDAT' 41 2185
20251017-191352 STREAM b'IHDR' 16 13
20251017-191352 STREAM b'IDAT' 41 2185
20251017-191352 STREAM b'IHDR' 16 13
20251017-191352 STREAM b'IDAT' 41 2185
20251017-191352 STREAM b'IHDR' 16 13
20251017-191352 STREAM b'IDAT' 41 2185
20251017-191358 epoch=54, step=0
20251017-191358 loss:11.7400
 ori_out_1_loss:10.8763
 ori_out_2_loss:7.3836
 seg_out_loss:0.1547
 mnt_o_out_loss:6.1385
 mnt_w_out_loss:4.2787
 mnt_h_out_loss:4.1747
 mnt_s_out_loss:0.0030
 ori_out_1_ori_acc_delta_10:0.7500
 ori_out_2_ori_acc_delta_10:0.9565
 seg_out_seg_acc_pos:0.9867
 seg_out_seg_acc_neg:0.9388
 seg_out_seg_acc_all:0.9502
 mnt_o_out_mnt_acc_delta_10:1.0000
 mnt_w_out_mnt_mean_delta:1.0000
 mnt_h_out_mnt_mean_delta:0.9130
 mnt_s_out_seg_acc_pos:1.0000
 mnt_s_out_seg_acc_neg:0.9779
 mnt_s_out_seg_acc_all:0.9780

20251017-191358 STREAM b'IHDR' 16 13
20251017-191358 STREAM b'IDAT' 41 2185
20251017-191358 STREAM b'IHDR' 16 13
20251017-191358 STREAM b'IDAT' 41 2185
20251017-191358 STREAM b'IHDR' 16 13
20251017-191358 STREAM b'IDAT' 41 2185
20251017-191358 STREAM b'IHDR' 16 13
20251017-191358 STREAM b'IDAT' 41 2185
20251017-191404 epoch=55, step=0
20251017-191404 loss:14.6008
 ori_out_1_loss:11.0669
 ori_out_2_loss:7.7845
 seg_out_loss:0.1610
 mnt_o_out_loss:6.9022
 mnt_w_out_loss:4.3650
 mnt_h_out_loss:4.5145
 mnt_s_out_loss:0.0137
 ori_out_1_ori_acc_delta_10:0.7343
 ori_out_2_ori_acc_delta_10:0.9565
 seg_out_seg_acc_pos:0.9739
 seg_out_seg_acc_neg:0.9352
 seg_out_seg_acc_all:0.9445
 mnt_o_out_mnt_acc_delta_10:0.9783
 mnt_w_out_mnt_mean_delta:1.1087
 mnt_h_out_mnt_mean_delta:1.2826
 mnt_s_out_seg_acc_pos:0.9130
 mnt_s_out_seg_acc_neg:0.9764
 mnt_s_out_seg_acc_all:0.9761

20251017-191404 STREAM b'IHDR' 16 13
20251017-191404 STREAM b'IDAT' 41 2185
20251017-191404 STREAM b'IHDR' 16 13
20251017-191404 STREAM b'IDAT' 41 2185
20251017-191404 STREAM b'IHDR' 16 13
20251017-191404 STREAM b'IDAT' 41 2185
20251017-191404 STREAM b'IHDR' 16 13
20251017-191404 STREAM b'IDAT' 41 2185
20251017-191410 epoch=56, step=0
20251017-191410 loss:11.5986
 ori_out_1_loss:10.8672
 ori_out_2_loss:7.3504
 seg_out_loss:0.1538
 mnt_o_out_loss:6.0671
 mnt_w_out_loss:4.2466
 mnt_h_out_loss:4.1403
 mnt_s_out_loss:0.0027
 ori_out_1_ori_acc_delta_10:0.7500
 ori_out_2_ori_acc_delta_10:0.9565
 seg_out_seg_acc_pos:0.9867
 seg_out_seg_acc_neg:0.9391
 seg_out_seg_acc_all:0.9504
 mnt_o_out_mnt_acc_delta_10:1.0000
 mnt_w_out_mnt_mean_delta:0.9565
 mnt_h_out_mnt_mean_delta:0.8696
 mnt_s_out_seg_acc_pos:1.0000
 mnt_s_out_seg_acc_neg:0.9786
 mnt_s_out_seg_acc_all:0.9788

20251017-191410 STREAM b'IHDR' 16 13
20251017-191410 STREAM b'IDAT' 41 2185
20251017-191410 STREAM b'IHDR' 16 13
20251017-191410 STREAM b'IDAT' 41 2185
20251017-191410 STREAM b'IHDR' 16 13
20251017-191410 STREAM b'IDAT' 41 2185
20251017-191410 STREAM b'IHDR' 16 13
20251017-191410 STREAM b'IDAT' 41 2185
20251017-191415 epoch=57, step=0
20251017-191415 loss:17.3133
 ori_out_1_loss:11.2847
 ori_out_2_loss:8.2566
 seg_out_loss:0.1903
 mnt_o_out_loss:7.8161
 mnt_w_out_loss:4.5817
 mnt_h_out_loss:4.6774
 mnt_s_out_loss:0.0222
 ori_out_1_ori_acc_delta_10:0.7303
 ori_out_2_ori_acc_delta_10:0.8913
 seg_out_seg_acc_pos:0.9558
 seg_out_seg_acc_neg:0.9199
 seg_out_seg_acc_all:0.9287
 mnt_o_out_mnt_acc_delta_10:0.9130
 mnt_w_out_mnt_mean_delta:1.3043
 mnt_h_out_mnt_mean_delta:1.3478
 mnt_s_out_seg_acc_pos:0.9130
 mnt_s_out_seg_acc_neg:0.9729
 mnt_s_out_seg_acc_all:0.9725

20251017-191415 STREAM b'IHDR' 16 13
20251017-191415 STREAM b'IDAT' 41 2185
20251017-191415 STREAM b'IHDR' 16 13
20251017-191415 STREAM b'IDAT' 41 2185
20251017-191415 STREAM b'IHDR' 16 13
20251017-191415 STREAM b'IDAT' 41 2185
20251017-191415 STREAM b'IHDR' 16 13
20251017-191415 STREAM b'IDAT' 41 2185
20251017-191421 epoch=58, step=0
20251017-191421 loss:18.0219
 ori_out_1_loss:11.5238
 ori_out_2_loss:7.5402
 seg_out_loss:0.1550
 mnt_o_out_loss:8.1580
 mnt_w_out_loss:4.7783
 mnt_h_out_loss:4.9102
 mnt_s_out_loss:0.0258
 ori_out_1_ori_acc_delta_10:0.7036
 ori_out_2_ori_acc_delta_10:0.8500
 seg_out_seg_acc_pos:0.9817
 seg_out_seg_acc_neg:0.9420
 seg_out_seg_acc_all:0.9515
 mnt_o_out_mnt_acc_delta_10:0.8913
 mnt_w_out_mnt_mean_delta:1.4783
 mnt_h_out_mnt_mean_delta:1.6304
 mnt_s_out_seg_acc_pos:0.8913
 mnt_s_out_seg_acc_neg:0.9731
 mnt_s_out_seg_acc_all:0.9727

20251017-191421 STREAM b'IHDR' 16 13
20251017-191421 STREAM b'IDAT' 41 2185
20251017-191421 STREAM b'IHDR' 16 13
20251017-191421 STREAM b'IDAT' 41 2185
20251017-191421 STREAM b'IHDR' 16 13
20251017-191421 STREAM b'IDAT' 41 2185
20251017-191421 STREAM b'IHDR' 16 13
20251017-191421 STREAM b'IDAT' 41 2185
20251017-191428 epoch=59, step=0
20251017-191428 loss:13.7556
 ori_out_1_loss:11.0554
 ori_out_2_loss:7.5404
 seg_out_loss:0.1628
 mnt_o_out_loss:6.9500
 mnt_w_out_loss:4.4688
 mnt_h_out_loss:4.5168
 mnt_s_out_loss:0.0091
 ori_out_1_ori_acc_delta_10:0.7215
 ori_out_2_ori_acc_delta_10:0.9348
 seg_out_seg_acc_pos:0.9688
 seg_out_seg_acc_neg:0.9370
 seg_out_seg_acc_all:0.9447
 mnt_o_out_mnt_acc_delta_10:0.9565
 mnt_w_out_mnt_mean_delta:1.1957
 mnt_h_out_mnt_mean_delta:1.0652
 mnt_s_out_seg_acc_pos:0.9783
 mnt_s_out_seg_acc_neg:0.9774
 mnt_s_out_seg_acc_all:0.9774

20251017-191428 STREAM b'IHDR' 16 13
20251017-191428 STREAM b'IDAT' 41 2185
20251017-191428 STREAM b'IHDR' 16 13
20251017-191428 STREAM b'IDAT' 41 2185
20251017-191428 STREAM b'IHDR' 16 13
20251017-191428 STREAM b'IDAT' 41 2185
20251017-191428 STREAM b'IHDR' 16 13
20251017-191428 STREAM b'IDAT' 41 2185
20251017-191434 epoch=60, step=0
20251017-191434 loss:14.6231
 ori_out_1_loss:11.1914
 ori_out_2_loss:7.8671
 seg_out_loss:0.1775
 mnt_o_out_loss:6.8876
 mnt_w_out_loss:4.4561
 mnt_h_out_loss:4.2286
 mnt_s_out_loss:0.0134
 ori_out_1_ori_acc_delta_10:0.7301
 ori_out_2_ori_acc_delta_10:0.9348
 seg_out_seg_acc_pos:0.9556
 seg_out_seg_acc_neg:0.9386
 seg_out_seg_acc_all:0.9427
 mnt_o_out_mnt_acc_delta_10:0.9565
 mnt_w_out_mnt_mean_delta:1.1957
 mnt_h_out_mnt_mean_delta:1.0870
 mnt_s_out_seg_acc_pos:0.9565
 mnt_s_out_seg_acc_neg:0.9772
 mnt_s_out_seg_acc_all:0.9771

20251017-191434 STREAM b'IHDR' 16 13
20251017-191434 STREAM b'IDAT' 41 2185
20251017-191434 STREAM b'IHDR' 16 13
20251017-191434 STREAM b'IDAT' 41 2185
20251017-191434 STREAM b'IHDR' 16 13
20251017-191434 STREAM b'IDAT' 41 2185
20251017-191434 STREAM b'IHDR' 16 13
20251017-191434 STREAM b'IDAT' 41 2185
20251017-191440 epoch=61, step=0
20251017-191440 loss:14.5069
 ori_out_1_loss:11.0126
 ori_out_2_loss:8.3142
 seg_out_loss:0.1523
 mnt_o_out_loss:7.4750
 mnt_w_out_loss:4.6572
 mnt_h_out_loss:4.6673
 mnt_s_out_loss:0.0109
 ori_out_1_ori_acc_delta_10:0.7366
 ori_out_2_ori_acc_delta_10:0.8864
 seg_out_seg_acc_pos:0.9857
 seg_out_seg_acc_neg:0.9456
 seg_out_seg_acc_all:0.9548
 mnt_o_out_mnt_acc_delta_10:0.9318
 mnt_w_out_mnt_mean_delta:1.5000
 mnt_h_out_mnt_mean_delta:1.4091
 mnt_s_out_seg_acc_pos:0.9773
 mnt_s_out_seg_acc_neg:0.9756
 mnt_s_out_seg_acc_all:0.9756

20251017-191440 STREAM b'IHDR' 16 13
20251017-191440 STREAM b'IDAT' 41 2185
20251017-191440 STREAM b'IHDR' 16 13
20251017-191440 STREAM b'IDAT' 41 2185
20251017-191440 STREAM b'IHDR' 16 13
20251017-191440 STREAM b'IDAT' 41 2185
20251017-191440 STREAM b'IHDR' 16 13
20251017-191440 STREAM b'IDAT' 41 2185
20251017-191446 epoch=62, step=0
20251017-191446 loss:16.3260
 ori_out_1_loss:11.4256
 ori_out_2_loss:8.9865
 seg_out_loss:0.1606
 mnt_o_out_loss:8.5820
 mnt_w_out_loss:4.8109
 mnt_h_out_loss:4.4599
 mnt_s_out_loss:0.0164
 ori_out_1_ori_acc_delta_10:0.7178
 ori_out_2_ori_acc_delta_10:0.8444
 seg_out_seg_acc_pos:0.9881
 seg_out_seg_acc_neg:0.9215
 seg_out_seg_acc_all:0.9365
 mnt_o_out_mnt_acc_delta_10:0.9111
 mnt_w_out_mnt_mean_delta:1.4000
 mnt_h_out_mnt_mean_delta:1.1111
 mnt_s_out_seg_acc_pos:0.9556
 mnt_s_out_seg_acc_neg:0.9736
 mnt_s_out_seg_acc_all:0.9735

20251017-191446 STREAM b'IHDR' 16 13
20251017-191446 STREAM b'IDAT' 41 2185
20251017-191446 STREAM b'IHDR' 16 13
20251017-191446 STREAM b'IDAT' 41 2185
20251017-191446 STREAM b'IHDR' 16 13
20251017-191446 STREAM b'IDAT' 41 2185
20251017-191446 STREAM b'IHDR' 16 13
20251017-191446 STREAM b'IDAT' 41 2185
20251017-191452 epoch=63, step=0
20251017-191452 loss:16.7017
 ori_out_1_loss:11.1676
 ori_out_2_loss:8.2486
 seg_out_loss:0.1834
 mnt_o_out_loss:8.0474
 mnt_w_out_loss:4.7477
 mnt_h_out_loss:4.5129
 mnt_s_out_loss:0.0190
 ori_out_1_ori_acc_delta_10:0.7146
 ori_out_2_ori_acc_delta_10:0.8889
 seg_out_seg_acc_pos:0.9624
 seg_out_seg_acc_neg:0.9317
 seg_out_seg_acc_all:0.9390
 mnt_o_out_mnt_acc_delta_10:0.8667
 mnt_w_out_mnt_mean_delta:1.4444
 mnt_h_out_mnt_mean_delta:1.1556
 mnt_s_out_seg_acc_pos:0.9556
 mnt_s_out_seg_acc_neg:0.9735
 mnt_s_out_seg_acc_all:0.9734

20251017-191452 STREAM b'IHDR' 16 13
20251017-191452 STREAM b'IDAT' 41 2185
20251017-191452 STREAM b'IHDR' 16 13
20251017-191452 STREAM b'IDAT' 41 2185
20251017-191452 STREAM b'IHDR' 16 13
20251017-191452 STREAM b'IDAT' 41 2185
20251017-191452 STREAM b'IHDR' 16 13
20251017-191452 STREAM b'IDAT' 41 2185
20251017-191458 epoch=64, step=0
20251017-191458 loss:16.3718
 ori_out_1_loss:11.5781
 ori_out_2_loss:8.6078
 seg_out_loss:0.1675
 mnt_o_out_loss:8.0305
 mnt_w_out_loss:4.7895
 mnt_h_out_loss:4.6478
 mnt_s_out_loss:0.0173
 ori_out_1_ori_acc_delta_10:0.6876
 ori_out_2_ori_acc_delta_10:0.8571
 seg_out_seg_acc_pos:0.9740
 seg_out_seg_acc_neg:0.9374
 seg_out_seg_acc_all:0.9453
 mnt_o_out_mnt_acc_delta_10:0.8810
 mnt_w_out_mnt_mean_delta:1.4524
 mnt_h_out_mnt_mean_delta:1.3333
 mnt_s_out_seg_acc_pos:0.9286
 mnt_s_out_seg_acc_neg:0.9742
 mnt_s_out_seg_acc_all:0.9740

20251017-191458 STREAM b'IHDR' 16 13
20251017-191458 STREAM b'IDAT' 41 2185
20251017-191458 STREAM b'IHDR' 16 13
20251017-191458 STREAM b'IDAT' 41 2185
20251017-191458 STREAM b'IHDR' 16 13
20251017-191458 STREAM b'IDAT' 41 2185
20251017-191458 STREAM b'IHDR' 16 13
20251017-191458 STREAM b'IDAT' 41 2185
20251017-191504 epoch=65, step=0
20251017-191504 loss:16.3994
 ori_out_1_loss:11.3153
 ori_out_2_loss:8.5479
 seg_out_loss:0.1492
 mnt_o_out_loss:8.0008
 mnt_w_out_loss:4.4465
 mnt_h_out_loss:4.7882
 mnt_s_out_loss:0.0191
 ori_out_1_ori_acc_delta_10:0.7166
 ori_out_2_ori_acc_delta_10:0.8864
 seg_out_seg_acc_pos:0.9950
 seg_out_seg_acc_neg:0.9376
 seg_out_seg_acc_all:0.9503
 mnt_o_out_mnt_acc_delta_10:0.9318
 mnt_w_out_mnt_mean_delta:1.1591
 mnt_h_out_mnt_mean_delta:1.2955
 mnt_s_out_seg_acc_pos:0.9545
 mnt_s_out_seg_acc_neg:0.9775
 mnt_s_out_seg_acc_all:0.9774

20251017-191504 STREAM b'IHDR' 16 13
20251017-191504 STREAM b'IDAT' 41 2185
20251017-191504 STREAM b'IHDR' 16 13
20251017-191504 STREAM b'IDAT' 41 2185
20251017-191504 STREAM b'IHDR' 16 13
20251017-191504 STREAM b'IDAT' 41 2185
20251017-191504 STREAM b'IHDR' 16 13
20251017-191504 STREAM b'IDAT' 41 2185
20251017-191510 epoch=66, step=0
20251017-191510 loss:17.0972
 ori_out_1_loss:11.6712
 ori_out_2_loss:8.5872
 seg_out_loss:0.1652
 mnt_o_out_loss:8.0502
 mnt_w_out_loss:4.5447
 mnt_h_out_loss:4.6670
 mnt_s_out_loss:0.0216
 ori_out_1_ori_acc_delta_10:0.6912
 ori_out_2_ori_acc_delta_10:0.8696
 seg_out_seg_acc_pos:0.9733
 seg_out_seg_acc_neg:0.9294
 seg_out_seg_acc_all:0.9401
 mnt_o_out_mnt_acc_delta_10:0.9130
 mnt_w_out_mnt_mean_delta:1.2391
 mnt_h_out_mnt_mean_delta:1.4130
 mnt_s_out_seg_acc_pos:0.9130
 mnt_s_out_seg_acc_neg:0.9747
 mnt_s_out_seg_acc_all:0.9744

20251017-191510 STREAM b'IHDR' 16 13
20251017-191510 STREAM b'IDAT' 41 2185
20251017-191510 STREAM b'IHDR' 16 13
20251017-191510 STREAM b'IDAT' 41 2185
20251017-191510 STREAM b'IHDR' 16 13
20251017-191510 STREAM b'IDAT' 41 2185
20251017-191510 STREAM b'IHDR' 16 13
20251017-191510 STREAM b'IDAT' 41 2185
20251017-191516 epoch=67, step=0
20251017-191516 loss:14.3022
 ori_out_1_loss:11.2296
 ori_out_2_loss:7.9462
 seg_out_loss:0.1577
 mnt_o_out_loss:7.0834
 mnt_w_out_loss:4.4830
 mnt_h_out_loss:4.2834
 mnt_s_out_loss:0.0120
 ori_out_1_ori_acc_delta_10:0.7172
 ori_out_2_ori_acc_delta_10:0.9348
 seg_out_seg_acc_pos:0.9744
 seg_out_seg_acc_neg:0.9423
 seg_out_seg_acc_all:0.9501
 mnt_o_out_mnt_acc_delta_10:0.9565
 mnt_w_out_mnt_mean_delta:1.0435
 mnt_h_out_mnt_mean_delta:0.9783
 mnt_s_out_seg_acc_pos:0.9348
 mnt_s_out_seg_acc_neg:0.9806
 mnt_s_out_seg_acc_all:0.9803

20251017-191516 STREAM b'IHDR' 16 13
20251017-191516 STREAM b'IDAT' 41 2185
20251017-191516 STREAM b'IHDR' 16 13
20251017-191516 STREAM b'IDAT' 41 2185
20251017-191516 STREAM b'IHDR' 16 13
20251017-191516 STREAM b'IDAT' 41 2185
20251017-191516 STREAM b'IHDR' 16 13
20251017-191516 STREAM b'IDAT' 41 2185
20251017-191522 epoch=68, step=0
20251017-191522 loss:11.0720
 ori_out_1_loss:10.7960
 ori_out_2_loss:7.2048
 seg_out_loss:0.1507
 mnt_o_out_loss:5.7564
 mnt_w_out_loss:4.1025
 mnt_h_out_loss:3.9859
 mnt_s_out_loss:0.0018
 ori_out_1_ori_acc_delta_10:0.7561
 ori_out_2_ori_acc_delta_10:0.9565
 seg_out_seg_acc_pos:0.9867
 seg_out_seg_acc_neg:0.9433
 seg_out_seg_acc_all:0.9536
 mnt_o_out_mnt_acc_delta_10:1.0000
 mnt_w_out_mnt_mean_delta:0.8696
 mnt_h_out_mnt_mean_delta:0.7826
 mnt_s_out_seg_acc_pos:1.0000
 mnt_s_out_seg_acc_neg:0.9794
 mnt_s_out_seg_acc_all:0.9795

20251017-191522 STREAM b'IHDR' 16 13
20251017-191522 STREAM b'IDAT' 41 2185
20251017-191522 STREAM b'IHDR' 16 13
20251017-191522 STREAM b'IDAT' 41 2185
20251017-191523 STREAM b'IHDR' 16 13
20251017-191523 STREAM b'IDAT' 41 2185
20251017-191523 STREAM b'IHDR' 16 13
20251017-191523 STREAM b'IDAT' 41 2185
20251017-191529 epoch=69, step=0
20251017-191529 loss:13.3564
 ori_out_1_loss:11.3061
 ori_out_2_loss:7.9086
 seg_out_loss:0.1603
 mnt_o_out_loss:6.9347
 mnt_w_out_loss:4.5631
 mnt_h_out_loss:4.1880
 mnt_s_out_loss:0.0076
 ori_out_1_ori_acc_delta_10:0.7095
 ori_out_2_ori_acc_delta_10:0.9348
 seg_out_seg_acc_pos:0.9748
 seg_out_seg_acc_neg:0.9451
 seg_out_seg_acc_all:0.9523
 mnt_o_out_mnt_acc_delta_10:0.9565
 mnt_w_out_mnt_mean_delta:1.2826
 mnt_h_out_mnt_mean_delta:0.9348
 mnt_s_out_seg_acc_pos:1.0000
 mnt_s_out_seg_acc_neg:0.9770
 mnt_s_out_seg_acc_all:0.9772

20251017-191529 STREAM b'IHDR' 16 13
20251017-191529 STREAM b'IDAT' 41 2185
20251017-191529 STREAM b'IHDR' 16 13
20251017-191529 STREAM b'IDAT' 41 2185
20251017-191530 STREAM b'IHDR' 16 13
20251017-191530 STREAM b'IDAT' 41 2185
20251017-191530 STREAM b'IHDR' 16 13
20251017-191530 STREAM b'IDAT' 41 2185
20251017-191536 epoch=70, step=0
20251017-191536 loss:13.4175
 ori_out_1_loss:11.1173
 ori_out_2_loss:7.3436
 seg_out_loss:0.1672
 mnt_o_out_loss:6.6362
 mnt_w_out_loss:4.2978
 mnt_h_out_loss:4.5786
 mnt_s_out_loss:0.0083
 ori_out_1_ori_acc_delta_10:0.7371
 ori_out_2_ori_acc_delta_10:0.8889
 seg_out_seg_acc_pos:0.9738
 seg_out_seg_acc_neg:0.9407
 seg_out_seg_acc_all:0.9487
 mnt_o_out_mnt_acc_delta_10:0.9348
 mnt_w_out_mnt_mean_delta:1.0435
 mnt_h_out_mnt_mean_delta:1.2391
 mnt_s_out_seg_acc_pos:1.0000
 mnt_s_out_seg_acc_neg:0.9778
 mnt_s_out_seg_acc_all:0.9779

20251017-191536 STREAM b'IHDR' 16 13
20251017-191536 STREAM b'IDAT' 41 2185
20251017-191536 STREAM b'IHDR' 16 13
20251017-191536 STREAM b'IDAT' 41 2185
20251017-191536 STREAM b'IHDR' 16 13
20251017-191536 STREAM b'IDAT' 41 2185
20251017-191536 STREAM b'IHDR' 16 13
20251017-191536 STREAM b'IDAT' 41 2185
20251017-191543 epoch=71, step=0
20251017-191543 loss:15.7784
 ori_out_1_loss:11.0189
 ori_out_2_loss:8.1512
 seg_out_loss:0.1635
 mnt_o_out_loss:7.8393
 mnt_w_out_loss:4.4329
 mnt_h_out_loss:5.1686
 mnt_s_out_loss:0.0152
 ori_out_1_ori_acc_delta_10:0.7459
 ori_out_2_ori_acc_delta_10:0.8913
 seg_out_seg_acc_pos:0.9820
 seg_out_seg_acc_neg:0.9296
 seg_out_seg_acc_all:0.9420
 mnt_o_out_mnt_acc_delta_10:0.8696
 mnt_w_out_mnt_mean_delta:1.2826
 mnt_h_out_mnt_mean_delta:1.7391
 mnt_s_out_seg_acc_pos:1.0000
 mnt_s_out_seg_acc_neg:0.9729
 mnt_s_out_seg_acc_all:0.9730

20251017-191543 STREAM b'IHDR' 16 13
20251017-191543 STREAM b'IDAT' 41 2185
20251017-191543 STREAM b'IHDR' 16 13
20251017-191543 STREAM b'IDAT' 41 2185
20251017-191543 STREAM b'IHDR' 16 13
20251017-191543 STREAM b'IDAT' 41 2185
20251017-191543 STREAM b'IHDR' 16 13
20251017-191543 STREAM b'IDAT' 41 2185
20251017-191550 epoch=72, step=0
20251017-191550 loss:13.8638
 ori_out_1_loss:11.0411
 ori_out_2_loss:7.8348
 seg_out_loss:0.1628
 mnt_o_out_loss:6.7591
 mnt_w_out_loss:4.3422
 mnt_h_out_loss:4.4504
 mnt_s_out_loss:0.0105
 ori_out_1_ori_acc_delta_10:0.7325
 ori_out_2_ori_acc_delta_10:0.9130
 seg_out_seg_acc_pos:0.9729
 seg_out_seg_acc_neg:0.9402
 seg_out_seg_acc_all:0.9480
 mnt_o_out_mnt_acc_delta_10:0.9565
 mnt_w_out_mnt_mean_delta:1.0870
 mnt_h_out_mnt_mean_delta:1.2826
 mnt_s_out_seg_acc_pos:0.9783
 mnt_s_out_seg_acc_neg:0.9747
 mnt_s_out_seg_acc_all:0.9747

20251017-191550 STREAM b'IHDR' 16 13
20251017-191550 STREAM b'IDAT' 41 2185
20251017-191550 STREAM b'IHDR' 16 13
20251017-191550 STREAM b'IDAT' 41 2185
20251017-191550 STREAM b'IHDR' 16 13
20251017-191550 STREAM b'IDAT' 41 2185
20251017-191550 STREAM b'IHDR' 16 13
20251017-191550 STREAM b'IDAT' 41 2185
20251017-191556 epoch=73, step=0
20251017-191556 loss:13.2010
 ori_out_1_loss:10.9154
 ori_out_2_loss:7.6684
 seg_out_loss:0.1649
 mnt_o_out_loss:6.6793
 mnt_w_out_loss:4.4065
 mnt_h_out_loss:4.6595
 mnt_s_out_loss:0.0067
 ori_out_1_ori_acc_delta_10:0.7360
 ori_out_2_ori_acc_delta_10:0.8913
 seg_out_seg_acc_pos:0.9713
 seg_out_seg_acc_neg:0.9426
 seg_out_seg_acc_all:0.9496
 mnt_o_out_mnt_acc_delta_10:0.9783
 mnt_w_out_mnt_mean_delta:1.0435
 mnt_h_out_mnt_mean_delta:1.1957
 mnt_s_out_seg_acc_pos:1.0000
 mnt_s_out_seg_acc_neg:0.9783
 mnt_s_out_seg_acc_all:0.9784

20251017-191556 STREAM b'IHDR' 16 13
20251017-191556 STREAM b'IDAT' 41 2185
20251017-191556 STREAM b'IHDR' 16 13
20251017-191556 STREAM b'IDAT' 41 2185
20251017-191556 STREAM b'IHDR' 16 13
20251017-191556 STREAM b'IDAT' 41 2185
20251017-191556 STREAM b'IHDR' 16 13
20251017-191556 STREAM b'IDAT' 41 2185
20251017-191602 epoch=74, step=0
20251017-191602 loss:15.2247
 ori_out_1_loss:11.4181
 ori_out_2_loss:7.8852
 seg_out_loss:0.1718
 mnt_o_out_loss:7.7629
 mnt_w_out_loss:4.4951
 mnt_h_out_loss:4.6174
 mnt_s_out_loss:0.0133
 ori_out_1_ori_acc_delta_10:0.6931
 ori_out_2_ori_acc_delta_10:0.9091
 seg_out_seg_acc_pos:0.9659
 seg_out_seg_acc_neg:0.9333
 seg_out_seg_acc_all:0.9409
 mnt_o_out_mnt_acc_delta_10:0.8864
 mnt_w_out_mnt_mean_delta:1.2273
 mnt_h_out_mnt_mean_delta:1.3636
 mnt_s_out_seg_acc_pos:0.9773
 mnt_s_out_seg_acc_neg:0.9731
 mnt_s_out_seg_acc_all:0.9731

20251017-191602 STREAM b'IHDR' 16 13
20251017-191602 STREAM b'IDAT' 41 2185
20251017-191602 STREAM b'IHDR' 16 13
20251017-191602 STREAM b'IDAT' 41 2185
20251017-191602 STREAM b'IHDR' 16 13
20251017-191602 STREAM b'IDAT' 41 2185
20251017-191602 STREAM b'IHDR' 16 13
20251017-191602 STREAM b'IDAT' 41 2185
20251017-191608 epoch=75, step=0
20251017-191608 loss:15.5710
 ori_out_1_loss:11.1859
 ori_out_2_loss:8.4606
 seg_out_loss:0.1638
 mnt_o_out_loss:7.9004
 mnt_w_out_loss:4.5610
 mnt_h_out_loss:4.6540
 mnt_s_out_loss:0.0147
 ori_out_1_ori_acc_delta_10:0.7248
 ori_out_2_ori_acc_delta_10:0.8780
 seg_out_seg_acc_pos:0.9809
 seg_out_seg_acc_neg:0.9261
 seg_out_seg_acc_all:0.9384
 mnt_o_out_mnt_acc_delta_10:0.8780
 mnt_w_out_mnt_mean_delta:1.2927
 mnt_h_out_mnt_mean_delta:1.1951
 mnt_s_out_seg_acc_pos:0.9756
 mnt_s_out_seg_acc_neg:0.9739
 mnt_s_out_seg_acc_all:0.9739

20251017-191608 STREAM b'IHDR' 16 13
20251017-191608 STREAM b'IDAT' 41 2185
20251017-191608 STREAM b'IHDR' 16 13
20251017-191608 STREAM b'IDAT' 41 2185
20251017-191608 STREAM b'IHDR' 16 13
20251017-191608 STREAM b'IDAT' 41 2185
20251017-191608 STREAM b'IHDR' 16 13
20251017-191608 STREAM b'IDAT' 41 2185
20251017-191614 epoch=76, step=0
20251017-191614 loss:15.9334
 ori_out_1_loss:10.9147
 ori_out_2_loss:7.8383
 seg_out_loss:0.1499
 mnt_o_out_loss:7.0807
 mnt_w_out_loss:5.0935
 mnt_h_out_loss:4.4448
 mnt_s_out_loss:0.0189
 ori_out_1_ori_acc_delta_10:0.7509
 ori_out_2_ori_acc_delta_10:0.9268
 seg_out_seg_acc_pos:0.9803
 seg_out_seg_acc_neg:0.9433
 seg_out_seg_acc_all:0.9520
 mnt_o_out_mnt_acc_delta_10:0.9778
 mnt_w_out_mnt_mean_delta:1.6667
 mnt_h_out_mnt_mean_delta:1.1111
 mnt_s_out_seg_acc_pos:0.9111
 mnt_s_out_seg_acc_neg:0.9778
 mnt_s_out_seg_acc_all:0.9774

20251017-191614 STREAM b'IHDR' 16 13
20251017-191614 STREAM b'IDAT' 41 2185
20251017-191614 STREAM b'IHDR' 16 13
20251017-191614 STREAM b'IDAT' 41 2185
20251017-191614 STREAM b'IHDR' 16 13
20251017-191614 STREAM b'IDAT' 41 2185
20251017-191614 STREAM b'IHDR' 16 13
20251017-191614 STREAM b'IDAT' 41 2185
20251017-191620 epoch=77, step=0
20251017-191620 loss:14.8567
 ori_out_1_loss:11.3192
 ori_out_2_loss:8.7368
 seg_out_loss:0.1515
 mnt_o_out_loss:8.4610
 mnt_w_out_loss:4.8167
 mnt_h_out_loss:4.5104
 mnt_s_out_loss:0.0098
 ori_out_1_ori_acc_delta_10:0.7086
 ori_out_2_ori_acc_delta_10:0.8780
 seg_out_seg_acc_pos:0.9886
 seg_out_seg_acc_neg:0.9353
 seg_out_seg_acc_all:0.9467
 mnt_o_out_mnt_acc_delta_10:0.9268
 mnt_w_out_mnt_mean_delta:1.5122
 mnt_h_out_mnt_mean_delta:1.2439
 mnt_s_out_seg_acc_pos:1.0000
 mnt_s_out_seg_acc_neg:0.9764
 mnt_s_out_seg_acc_all:0.9766

20251017-191620 STREAM b'IHDR' 16 13
20251017-191620 STREAM b'IDAT' 41 2185
20251017-191620 STREAM b'IHDR' 16 13
20251017-191620 STREAM b'IDAT' 41 2185
20251017-191620 STREAM b'IHDR' 16 13
20251017-191620 STREAM b'IDAT' 41 2185
20251017-191620 STREAM b'IHDR' 16 13
20251017-191620 STREAM b'IDAT' 41 2185
20251017-191625 epoch=78, step=0
20251017-191625 loss:13.7403
 ori_out_1_loss:11.0738
 ori_out_2_loss:7.9753
 seg_out_loss:0.1613
 mnt_o_out_loss:6.9160
 mnt_w_out_loss:4.2592
 mnt_h_out_loss:4.6243
 mnt_s_out_loss:0.0092
 ori_out_1_ori_acc_delta_10:0.7285
 ori_out_2_ori_acc_delta_10:0.9130
 seg_out_seg_acc_pos:0.9703
 seg_out_seg_acc_neg:0.9415
 seg_out_seg_acc_all:0.9485
 mnt_o_out_mnt_acc_delta_10:0.9783
 mnt_w_out_mnt_mean_delta:1.0000
 mnt_h_out_mnt_mean_delta:1.3696
 mnt_s_out_seg_acc_pos:0.9783
 mnt_s_out_seg_acc_neg:0.9799
 mnt_s_out_seg_acc_all:0.9799

20251017-191625 STREAM b'IHDR' 16 13
20251017-191625 STREAM b'IDAT' 41 2185
20251017-191625 STREAM b'IHDR' 16 13
20251017-191625 STREAM b'IDAT' 41 2185
20251017-191625 STREAM b'IHDR' 16 13
20251017-191625 STREAM b'IDAT' 41 2185
20251017-191625 STREAM b'IHDR' 16 13
20251017-191625 STREAM b'IDAT' 41 2185
20251017-191631 epoch=79, step=0
20251017-191631 loss:14.9422
 ori_out_1_loss:11.4126
 ori_out_2_loss:8.2940
 seg_out_loss:0.1742
 mnt_o_out_loss:7.7138
 mnt_w_out_loss:4.7749
 mnt_h_out_loss:4.7798
 mnt_s_out_loss:0.0106
 ori_out_1_ori_acc_delta_10:0.7085
 ori_out_2_ori_acc_delta_10:0.9348
 seg_out_seg_acc_pos:0.9572
 seg_out_seg_acc_neg:0.9452
 seg_out_seg_acc_all:0.9481
 mnt_o_out_mnt_acc_delta_10:0.9130
 mnt_w_out_mnt_mean_delta:1.5435
 mnt_h_out_mnt_mean_delta:1.3043
 mnt_s_out_seg_acc_pos:0.9783
 mnt_s_out_seg_acc_neg:0.9783
 mnt_s_out_seg_acc_all:0.9783

20251017-191631 STREAM b'IHDR' 16 13
20251017-191631 STREAM b'IDAT' 41 2185
20251017-191631 STREAM b'IHDR' 16 13
20251017-191631 STREAM b'IDAT' 41 2185
20251017-191631 STREAM b'IHDR' 16 13
20251017-191631 STREAM b'IDAT' 41 2185
20251017-191631 STREAM b'IHDR' 16 13
20251017-191631 STREAM b'IDAT' 41 2185
20251017-191637 epoch=80, step=0
20251017-191637 loss:15.4083
 ori_out_1_loss:11.6421
 ori_out_2_loss:8.5354
 seg_out_loss:0.1822
 mnt_o_out_loss:8.2451
 mnt_w_out_loss:4.9139
 mnt_h_out_loss:4.5685
 mnt_s_out_loss:0.0111
 ori_out_1_ori_acc_delta_10:0.6960
 ori_out_2_ori_acc_delta_10:0.9318
 seg_out_seg_acc_pos:0.9420
 seg_out_seg_acc_neg:0.9395
 seg_out_seg_acc_all:0.9401
 mnt_o_out_mnt_acc_delta_10:0.8636
 mnt_w_out_mnt_mean_delta:1.6136
 mnt_h_out_mnt_mean_delta:1.2273
 mnt_s_out_seg_acc_pos:1.0000
 mnt_s_out_seg_acc_neg:0.9779
 mnt_s_out_seg_acc_all:0.9780

20251017-191637 STREAM b'IHDR' 16 13
20251017-191637 STREAM b'IDAT' 41 2185
20251017-191637 STREAM b'IHDR' 16 13
20251017-191637 STREAM b'IDAT' 41 2185
20251017-191638 STREAM b'IHDR' 16 13
20251017-191638 STREAM b'IDAT' 41 2185
20251017-191638 STREAM b'IHDR' 16 13
20251017-191638 STREAM b'IDAT' 41 2185
20251017-191643 epoch=81, step=0
20251017-191643 loss:16.1451
 ori_out_1_loss:11.4437
 ori_out_2_loss:7.8893
 seg_out_loss:0.1735
 mnt_o_out_loss:7.7696
 mnt_w_out_loss:4.6512
 mnt_h_out_loss:4.9792
 mnt_s_out_loss:0.0165
 ori_out_1_ori_acc_delta_10:0.7075
 ori_out_2_ori_acc_delta_10:0.8696
 seg_out_seg_acc_pos:0.9661
 seg_out_seg_acc_neg:0.9318
 seg_out_seg_acc_all:0.9401
 mnt_o_out_mnt_acc_delta_10:0.8913
 mnt_w_out_mnt_mean_delta:1.2174
 mnt_h_out_mnt_mean_delta:1.5652
 mnt_s_out_seg_acc_pos:0.9348
 mnt_s_out_seg_acc_neg:0.9781
 mnt_s_out_seg_acc_all:0.9779

20251017-191643 STREAM b'IHDR' 16 13
20251017-191643 STREAM b'IDAT' 41 2185
20251017-191643 STREAM b'IHDR' 16 13
20251017-191643 STREAM b'IDAT' 41 2185
20251017-191643 STREAM b'IHDR' 16 13
20251017-191643 STREAM b'IDAT' 41 2185
20251017-191643 STREAM b'IHDR' 16 13
20251017-191643 STREAM b'IDAT' 41 2185
20251017-191649 epoch=82, step=0
20251017-191649 loss:17.7252
 ori_out_1_loss:11.6852
 ori_out_2_loss:8.7917
 seg_out_loss:0.2020
 mnt_o_out_loss:8.2326
 mnt_w_out_loss:4.7107
 mnt_h_out_loss:4.4870
 mnt_s_out_loss:0.0223
 ori_out_1_ori_acc_delta_10:0.7062
 ori_out_2_ori_acc_delta_10:0.8696
 seg_out_seg_acc_pos:0.9565
 seg_out_seg_acc_neg:0.9244
 seg_out_seg_acc_all:0.9324
 mnt_o_out_mnt_acc_delta_10:0.9130
 mnt_w_out_mnt_mean_delta:1.4348
 mnt_h_out_mnt_mean_delta:1.2609
 mnt_s_out_seg_acc_pos:0.9130
 mnt_s_out_seg_acc_neg:0.9826
 mnt_s_out_seg_acc_all:0.9822

20251017-191649 STREAM b'IHDR' 16 13
20251017-191649 STREAM b'IDAT' 41 2185
20251017-191649 STREAM b'IHDR' 16 13
20251017-191649 STREAM b'IDAT' 41 2185
20251017-191649 STREAM b'IHDR' 16 13
20251017-191649 STREAM b'IDAT' 41 2185
20251017-191649 STREAM b'IHDR' 16 13
20251017-191649 STREAM b'IDAT' 41 2185
20251017-191654 epoch=83, step=0
20251017-191654 loss:16.1425
 ori_out_1_loss:11.3888
 ori_out_2_loss:8.2727
 seg_out_loss:0.1796
 mnt_o_out_loss:7.6254
 mnt_w_out_loss:4.7027
 mnt_h_out_loss:4.7443
 mnt_s_out_loss:0.0168
 ori_out_1_ori_acc_delta_10:0.7280
 ori_out_2_ori_acc_delta_10:0.9130
 seg_out_seg_acc_pos:0.9614
 seg_out_seg_acc_neg:0.9366
 seg_out_seg_acc_all:0.9427
 mnt_o_out_mnt_acc_delta_10:0.9130
 mnt_w_out_mnt_mean_delta:1.4565
 mnt_h_out_mnt_mean_delta:1.5000
 mnt_s_out_seg_acc_pos:0.9348
 mnt_s_out_seg_acc_neg:0.9775
 mnt_s_out_seg_acc_all:0.9773

20251017-191654 STREAM b'IHDR' 16 13
20251017-191654 STREAM b'IDAT' 41 2185
20251017-191654 STREAM b'IHDR' 16 13
20251017-191654 STREAM b'IDAT' 41 2185
20251017-191654 STREAM b'IHDR' 16 13
20251017-191654 STREAM b'IDAT' 41 2185
20251017-191654 STREAM b'IHDR' 16 13
20251017-191654 STREAM b'IDAT' 41 2185
20251017-191700 epoch=84, step=0
20251017-191700 loss:12.5717
 ori_out_1_loss:11.2071
 ori_out_2_loss:7.1760
 seg_out_loss:0.1570
 mnt_o_out_loss:6.3032
 mnt_w_out_loss:4.4355
 mnt_h_out_loss:4.3656
 mnt_s_out_loss:0.0057
 ori_out_1_ori_acc_delta_10:0.7218
 ori_out_2_ori_acc_delta_10:0.9333
 seg_out_seg_acc_pos:0.9754
 seg_out_seg_acc_neg:0.9384
 seg_out_seg_acc_all:0.9474
 mnt_o_out_mnt_acc_delta_10:0.9783
 mnt_w_out_mnt_mean_delta:1.1087
 mnt_h_out_mnt_mean_delta:0.9348
 mnt_s_out_seg_acc_pos:1.0000
 mnt_s_out_seg_acc_neg:0.9801
 mnt_s_out_seg_acc_all:0.9802

20251017-191700 STREAM b'IHDR' 16 13
20251017-191700 STREAM b'IDAT' 41 2185
20251017-191700 STREAM b'IHDR' 16 13
20251017-191700 STREAM b'IDAT' 41 2185
20251017-191700 STREAM b'IHDR' 16 13
20251017-191700 STREAM b'IDAT' 41 2185
20251017-191700 STREAM b'IHDR' 16 13
20251017-191700 STREAM b'IDAT' 41 2185
20251017-191705 epoch=85, step=0
20251017-191705 loss:10.5834
 ori_out_1_loss:10.7312
 ori_out_2_loss:7.0417
 seg_out_loss:0.1448
 mnt_o_out_loss:5.4800
 mnt_w_out_loss:3.9732
 mnt_h_out_loss:3.8568
 mnt_s_out_loss:0.0011
 ori_out_1_ori_acc_delta_10:0.7582
 ori_out_2_ori_acc_delta_10:0.9565
 seg_out_seg_acc_pos:0.9898
 seg_out_seg_acc_neg:0.9449
 seg_out_seg_acc_all:0.9556
 mnt_o_out_mnt_acc_delta_10:1.0000
 mnt_w_out_mnt_mean_delta:0.8261
 mnt_h_out_mnt_mean_delta:0.6087
 mnt_s_out_seg_acc_pos:1.0000
 mnt_s_out_seg_acc_neg:0.9818
 mnt_s_out_seg_acc_all:0.9819

20251017-191705 STREAM b'IHDR' 16 13
20251017-191705 STREAM b'IDAT' 41 2185
20251017-191705 STREAM b'IHDR' 16 13
20251017-191705 STREAM b'IDAT' 41 2185
20251017-191705 STREAM b'IHDR' 16 13
20251017-191705 STREAM b'IDAT' 41 2185
20251017-191705 STREAM b'IHDR' 16 13
20251017-191705 STREAM b'IDAT' 41 2185
20251017-191711 epoch=86, step=0
20251017-191711 loss:10.5604
 ori_out_1_loss:10.7262
 ori_out_2_loss:7.0309
 seg_out_loss:0.1446
 mnt_o_out_loss:5.4634
 mnt_w_out_loss:3.9665
 mnt_h_out_loss:3.8437
 mnt_s_out_loss:0.0011
 ori_out_1_ori_acc_delta_10:0.7582
 ori_out_2_ori_acc_delta_10:1.0000
 seg_out_seg_acc_pos:0.9908
 seg_out_seg_acc_neg:0.9449
 seg_out_seg_acc_all:0.9558
 mnt_o_out_mnt_acc_delta_10:1.0000
 mnt_w_out_mnt_mean_delta:0.8261
 mnt_h_out_mnt_mean_delta:0.5652
 mnt_s_out_seg_acc_pos:1.0000
 mnt_s_out_seg_acc_neg:0.9816
 mnt_s_out_seg_acc_all:0.9817

20251017-191711 STREAM b'IHDR' 16 13
20251017-191711 STREAM b'IDAT' 41 2185
20251017-191711 STREAM b'IHDR' 16 13
20251017-191711 STREAM b'IDAT' 41 2185
20251017-191711 STREAM b'IHDR' 16 13
20251017-191711 STREAM b'IDAT' 41 2185
20251017-191711 STREAM b'IHDR' 16 13
20251017-191711 STREAM b'IDAT' 41 2185
20251017-191716 epoch=87, step=0
20251017-191716 loss:15.2347
 ori_out_1_loss:11.1488
 ori_out_2_loss:8.3542
 seg_out_loss:0.1562
 mnt_o_out_loss:7.8806
 mnt_w_out_loss:4.8054
 mnt_h_out_loss:4.8363
 mnt_s_out_loss:0.0124
 ori_out_1_ori_acc_delta_10:0.7168
 ori_out_2_ori_acc_delta_10:0.9268
 seg_out_seg_acc_pos:0.9864
 seg_out_seg_acc_neg:0.9339
 seg_out_seg_acc_all:0.9452
 mnt_o_out_mnt_acc_delta_10:0.9268
 mnt_w_out_mnt_mean_delta:1.4634
 mnt_h_out_mnt_mean_delta:1.4878
 mnt_s_out_seg_acc_pos:0.9756
 mnt_s_out_seg_acc_neg:0.9766
 mnt_s_out_seg_acc_all:0.9766

20251017-191716 STREAM b'IHDR' 16 13
20251017-191716 STREAM b'IDAT' 41 2185
20251017-191716 STREAM b'IHDR' 16 13
20251017-191716 STREAM b'IDAT' 41 2185
20251017-191717 STREAM b'IHDR' 16 13
20251017-191717 STREAM b'IDAT' 41 2185
20251017-191717 STREAM b'IHDR' 16 13
20251017-191717 STREAM b'IDAT' 41 2185
20251017-191722 epoch=88, step=0
20251017-191722 loss:13.5029
 ori_out_1_loss:10.9162
 ori_out_2_loss:7.7861
 seg_out_loss:0.1478
 mnt_o_out_loss:6.9343
 mnt_w_out_loss:4.6094
 mnt_h_out_loss:3.9309
 mnt_s_out_loss:0.0097
 ori_out_1_ori_acc_delta_10:0.7333
 ori_out_2_ori_acc_delta_10:0.9318
 seg_out_seg_acc_pos:0.9805
 seg_out_seg_acc_neg:0.9431
 seg_out_seg_acc_all:0.9515
 mnt_o_out_mnt_acc_delta_10:0.9545
 mnt_w_out_mnt_mean_delta:1.2500
 mnt_h_out_mnt_mean_delta:0.8409
 mnt_s_out_seg_acc_pos:0.9773
 mnt_s_out_seg_acc_neg:0.9767
 mnt_s_out_seg_acc_all:0.9767

20251017-191722 STREAM b'IHDR' 16 13
20251017-191722 STREAM b'IDAT' 41 2185
20251017-191722 STREAM b'IHDR' 16 13
20251017-191722 STREAM b'IDAT' 41 2185
20251017-191722 STREAM b'IHDR' 16 13
20251017-191722 STREAM b'IDAT' 41 2185
20251017-191722 STREAM b'IHDR' 16 13
20251017-191722 STREAM b'IDAT' 41 2185
20251017-191728 epoch=89, step=0
20251017-191728 loss:14.7464
 ori_out_1_loss:11.4723
 ori_out_2_loss:7.7302
 seg_out_loss:0.1758
 mnt_o_out_loss:7.7308
 mnt_w_out_loss:4.6088
 mnt_h_out_loss:4.5247
 mnt_s_out_loss:0.0108
 ori_out_1_ori_acc_delta_10:0.7126
 ori_out_2_ori_acc_delta_10:0.8837
 seg_out_seg_acc_pos:0.9485
 seg_out_seg_acc_neg:0.9464
 seg_out_seg_acc_all:0.9469
 mnt_o_out_mnt_acc_delta_10:0.9348
 mnt_w_out_mnt_mean_delta:1.3913
 mnt_h_out_mnt_mean_delta:1.2174
 mnt_s_out_seg_acc_pos:1.0000
 mnt_s_out_seg_acc_neg:0.9762
 mnt_s_out_seg_acc_all:0.9763

20251017-191728 STREAM b'IHDR' 16 13
20251017-191728 STREAM b'IDAT' 41 2185
20251017-191728 STREAM b'IHDR' 16 13
20251017-191728 STREAM b'IDAT' 41 2185
20251017-191728 STREAM b'IHDR' 16 13
20251017-191728 STREAM b'IDAT' 41 2185
20251017-191728 STREAM b'IHDR' 16 13
20251017-191728 STREAM b'IDAT' 41 2185
20251017-191733 epoch=90, step=0
20251017-191733 loss:14.7368
 ori_out_1_loss:11.6807
 ori_out_2_loss:7.7425
 seg_out_loss:0.1550
 mnt_o_out_loss:7.4159
 mnt_w_out_loss:4.4202
 mnt_h_out_loss:5.0933
 mnt_s_out_loss:0.0115
 ori_out_1_ori_acc_delta_10:0.6859
 ori_out_2_ori_acc_delta_10:0.8889
 seg_out_seg_acc_pos:0.9666
 seg_out_seg_acc_neg:0.9517
 seg_out_seg_acc_all:0.9553
 mnt_o_out_mnt_acc_delta_10:0.9565
 mnt_w_out_mnt_mean_delta:0.9130
 mnt_h_out_mnt_mean_delta:1.5652
 mnt_s_out_seg_acc_pos:1.0000
 mnt_s_out_seg_acc_neg:0.9757
 mnt_s_out_seg_acc_all:0.9758

20251017-191733 STREAM b'IHDR' 16 13
20251017-191733 STREAM b'IDAT' 41 2185
20251017-191733 STREAM b'IHDR' 16 13
20251017-191733 STREAM b'IDAT' 41 2185
20251017-191733 STREAM b'IHDR' 16 13
20251017-191733 STREAM b'IDAT' 41 2185
20251017-191733 STREAM b'IHDR' 16 13
20251017-191733 STREAM b'IDAT' 41 2185
20251017-191739 epoch=91, step=0
20251017-191739 loss:10.4353
 ori_out_1_loss:10.6928
 ori_out_2_loss:6.9726
 seg_out_loss:0.1435
 mnt_o_out_loss:5.3785
 mnt_w_out_loss:3.9251
 mnt_h_out_loss:3.7939
 mnt_s_out_loss:0.0010
 ori_out_1_ori_acc_delta_10:0.7633
 ori_out_2_ori_acc_delta_10:1.0000
 seg_out_seg_acc_pos:0.9908
 seg_out_seg_acc_neg:0.9458
 seg_out_seg_acc_all:0.9565
 mnt_o_out_mnt_acc_delta_10:1.0000
 mnt_w_out_mnt_mean_delta:0.7391
 mnt_h_out_mnt_mean_delta:0.6087
 mnt_s_out_seg_acc_pos:1.0000
 mnt_s_out_seg_acc_neg:0.9806
 mnt_s_out_seg_acc_all:0.9807

20251017-191739 STREAM b'IHDR' 16 13
20251017-191739 STREAM b'IDAT' 41 2185
20251017-191739 STREAM b'IHDR' 16 13
20251017-191739 STREAM b'IDAT' 41 2185
20251017-191739 STREAM b'IHDR' 16 13
20251017-191739 STREAM b'IDAT' 41 2185
20251017-191739 STREAM b'IHDR' 16 13
20251017-191739 STREAM b'IDAT' 41 2185
20251017-191744 epoch=92, step=0
20251017-191744 loss:13.2435
 ori_out_1_loss:11.2494
 ori_out_2_loss:7.7656
 seg_out_loss:0.1508
 mnt_o_out_loss:7.1617
 mnt_w_out_loss:4.3783
 mnt_h_out_loss:4.1741
 mnt_s_out_loss:0.0075
 ori_out_1_ori_acc_delta_10:0.7227
 ori_out_2_ori_acc_delta_10:0.9565
 seg_out_seg_acc_pos:0.9777
 seg_out_seg_acc_neg:0.9505
 seg_out_seg_acc_all:0.9570
 mnt_o_out_mnt_acc_delta_10:0.9130
 mnt_w_out_mnt_mean_delta:1.0870
 mnt_h_out_mnt_mean_delta:0.9565
 mnt_s_out_seg_acc_pos:0.9783
 mnt_s_out_seg_acc_neg:0.9805
 mnt_s_out_seg_acc_all:0.9805

20251017-191744 STREAM b'IHDR' 16 13
20251017-191744 STREAM b'IDAT' 41 2185
20251017-191744 STREAM b'IHDR' 16 13
20251017-191744 STREAM b'IDAT' 41 2185
20251017-191744 STREAM b'IHDR' 16 13
20251017-191744 STREAM b'IDAT' 41 2185
20251017-191744 STREAM b'IHDR' 16 13
20251017-191744 STREAM b'IDAT' 41 2185
20251017-191750 epoch=93, step=0
20251017-191750 loss:14.4586
 ori_out_1_loss:11.2115
 ori_out_2_loss:8.1776
 seg_out_loss:0.1642
 mnt_o_out_loss:7.5229
 mnt_w_out_loss:4.8000
 mnt_h_out_loss:4.5012
 mnt_s_out_loss:0.0100
 ori_out_1_ori_acc_delta_10:0.7219
 ori_out_2_ori_acc_delta_10:0.9130
 seg_out_seg_acc_pos:0.9723
 seg_out_seg_acc_neg:0.9333
 seg_out_seg_acc_all:0.9427
 mnt_o_out_mnt_acc_delta_10:0.9130
 mnt_w_out_mnt_mean_delta:1.4565
 mnt_h_out_mnt_mean_delta:1.3043
 mnt_s_out_seg_acc_pos:1.0000
 mnt_s_out_seg_acc_neg:0.9779
 mnt_s_out_seg_acc_all:0.9780

20251017-191750 STREAM b'IHDR' 16 13
20251017-191750 STREAM b'IDAT' 41 2185
20251017-191750 STREAM b'IHDR' 16 13
20251017-191750 STREAM b'IDAT' 41 2185
20251017-191750 STREAM b'IHDR' 16 13
20251017-191750 STREAM b'IDAT' 41 2185
20251017-191750 STREAM b'IHDR' 16 13
20251017-191750 STREAM b'IDAT' 41 2185
20251017-191755 epoch=94, step=0
20251017-191755 loss:17.0478
 ori_out_1_loss:11.3172
 ori_out_2_loss:8.1845
 seg_out_loss:0.1707
 mnt_o_out_loss:7.7221
 mnt_w_out_loss:4.7624
 mnt_h_out_loss:4.7705
 mnt_s_out_loss:0.0214
 ori_out_1_ori_acc_delta_10:0.6918
 ori_out_2_ori_acc_delta_10:0.8913
 seg_out_seg_acc_pos:0.9683
 seg_out_seg_acc_neg:0.9392
 seg_out_seg_acc_all:0.9463
 mnt_o_out_mnt_acc_delta_10:0.9348
 mnt_w_out_mnt_mean_delta:1.4783
 mnt_h_out_mnt_mean_delta:1.5000
 mnt_s_out_seg_acc_pos:0.9348
 mnt_s_out_seg_acc_neg:0.9726
 mnt_s_out_seg_acc_all:0.9724

20251017-191755 STREAM b'IHDR' 16 13
20251017-191755 STREAM b'IDAT' 41 2185
20251017-191755 STREAM b'IHDR' 16 13
20251017-191755 STREAM b'IDAT' 41 2185
20251017-191755 STREAM b'IHDR' 16 13
20251017-191755 STREAM b'IDAT' 41 2185
20251017-191755 STREAM b'IHDR' 16 13
20251017-191755 STREAM b'IDAT' 41 2185
20251017-191801 epoch=95, step=0
20251017-191801 loss:13.0866
 ori_out_1_loss:11.1034
 ori_out_2_loss:7.2951
 seg_out_loss:0.1533
 mnt_o_out_loss:6.6576
 mnt_w_out_loss:4.6825
 mnt_h_out_loss:4.5342
 mnt_s_out_loss:0.0065
 ori_out_1_ori_acc_delta_10:0.7350
 ori_out_2_ori_acc_delta_10:0.9070
 seg_out_seg_acc_pos:0.9698
 seg_out_seg_acc_neg:0.9515
 seg_out_seg_acc_all:0.9559
 mnt_o_out_mnt_acc_delta_10:0.9783
 mnt_w_out_mnt_mean_delta:1.2391
 mnt_h_out_mnt_mean_delta:1.0652
 mnt_s_out_seg_acc_pos:1.0000
 mnt_s_out_seg_acc_neg:0.9795
 mnt_s_out_seg_acc_all:0.9796

20251017-191801 STREAM b'IHDR' 16 13
20251017-191801 STREAM b'IDAT' 41 2185
20251017-191801 STREAM b'IHDR' 16 13
20251017-191801 STREAM b'IDAT' 41 2185
20251017-191801 STREAM b'IHDR' 16 13
20251017-191801 STREAM b'IDAT' 41 2185
20251017-191801 STREAM b'IHDR' 16 13
20251017-191801 STREAM b'IDAT' 41 2185
20251017-191807 epoch=96, step=0
20251017-191807 loss:12.7263
 ori_out_1_loss:11.2275
 ori_out_2_loss:7.7350
 seg_out_loss:0.1598
 mnt_o_out_loss:6.5430
 mnt_w_out_loss:4.2282
 mnt_h_out_loss:4.6695
 mnt_s_out_loss:0.0052
 ori_out_1_ori_acc_delta_10:0.7244
 ori_out_2_ori_acc_delta_10:0.9565
 seg_out_seg_acc_pos:0.9644
 seg_out_seg_acc_neg:0.9479
 seg_out_seg_acc_all:0.9519
 mnt_o_out_mnt_acc_delta_10:0.9565
 mnt_w_out_mnt_mean_delta:0.9130
 mnt_h_out_mnt_mean_delta:1.1304
 mnt_s_out_seg_acc_pos:1.0000
 mnt_s_out_seg_acc_neg:0.9806
 mnt_s_out_seg_acc_all:0.9807

20251017-191807 STREAM b'IHDR' 16 13
20251017-191807 STREAM b'IDAT' 41 2185
20251017-191807 STREAM b'IHDR' 16 13
20251017-191807 STREAM b'IDAT' 41 2185
20251017-191807 STREAM b'IHDR' 16 13
20251017-191807 STREAM b'IDAT' 41 2185
20251017-191807 STREAM b'IHDR' 16 13
20251017-191807 STREAM b'IDAT' 41 2185
20251017-191812 epoch=97, step=0
20251017-191812 loss:15.7261
 ori_out_1_loss:11.2541
 ori_out_2_loss:8.6813
 seg_out_loss:0.1747
 mnt_o_out_loss:8.1274
 mnt_w_out_loss:4.8309
 mnt_h_out_loss:4.5460
 mnt_s_out_loss:0.0138
 ori_out_1_ori_acc_delta_10:0.7226
 ori_out_2_ori_acc_delta_10:0.8261
 seg_out_seg_acc_pos:0.9520
 seg_out_seg_acc_neg:0.9395
 seg_out_seg_acc_all:0.9426
 mnt_o_out_mnt_acc_delta_10:0.8261
 mnt_w_out_mnt_mean_delta:1.5435
 mnt_h_out_mnt_mean_delta:1.1957
 mnt_s_out_seg_acc_pos:0.9783
 mnt_s_out_seg_acc_neg:0.9751
 mnt_s_out_seg_acc_all:0.9751

20251017-191812 STREAM b'IHDR' 16 13
20251017-191812 STREAM b'IDAT' 41 2185
20251017-191812 STREAM b'IHDR' 16 13
20251017-191812 STREAM b'IDAT' 41 2185
20251017-191813 STREAM b'IHDR' 16 13
20251017-191813 STREAM b'IDAT' 41 2185
20251017-191813 STREAM b'IHDR' 16 13
20251017-191813 STREAM b'IDAT' 41 2185
20251017-191818 epoch=98, step=0
20251017-191818 loss:11.9343
 ori_out_1_loss:10.8764
 ori_out_2_loss:7.5086
 seg_out_loss:0.1472
 mnt_o_out_loss:6.5495
 mnt_w_out_loss:4.2205
 mnt_h_out_loss:3.9320
 mnt_s_out_loss:0.0040
 ori_out_1_ori_acc_delta_10:0.7461
 ori_out_2_ori_acc_delta_10:0.9783
 seg_out_seg_acc_pos:0.9768
 seg_out_seg_acc_neg:0.9541
 seg_out_seg_acc_all:0.9596
 mnt_o_out_mnt_acc_delta_10:1.0000
 mnt_w_out_mnt_mean_delta:0.9130
 mnt_h_out_mnt_mean_delta:0.7174
 mnt_s_out_seg_acc_pos:1.0000
 mnt_s_out_seg_acc_neg:0.9806
 mnt_s_out_seg_acc_all:0.9807

20251017-191818 STREAM b'IHDR' 16 13
20251017-191818 STREAM b'IDAT' 41 2185
20251017-191818 STREAM b'IHDR' 16 13
20251017-191818 STREAM b'IDAT' 41 2185
20251017-191818 STREAM b'IHDR' 16 13
20251017-191818 STREAM b'IDAT' 41 2185
20251017-191818 STREAM b'IHDR' 16 13
20251017-191818 STREAM b'IDAT' 41 2185
20251017-191824 epoch=99, step=0
20251017-191824 loss:14.4335
 ori_out_1_loss:11.1989
 ori_out_2_loss:7.7441
 seg_out_loss:0.1704
 mnt_o_out_loss:7.4864
 mnt_w_out_loss:4.7529
 mnt_h_out_loss:4.6305
 mnt_s_out_loss:0.0096
 ori_out_1_ori_acc_delta_10:0.7217
 ori_out_2_ori_acc_delta_10:0.9130
 seg_out_seg_acc_pos:0.9698
 seg_out_seg_acc_neg:0.9311
 seg_out_seg_acc_all:0.9407
 mnt_o_out_mnt_acc_delta_10:0.9348
 mnt_w_out_mnt_mean_delta:1.3261
 mnt_h_out_mnt_mean_delta:1.5217
 mnt_s_out_seg_acc_pos:0.9783
 mnt_s_out_seg_acc_neg:0.9775
 mnt_s_out_seg_acc_all:0.9775

